#
# A fatal error has been detected by the Java Runtime Environment:
#
#  EXCEPTION_ACCESS_VIOLATION (0xc0000005) at pc=0x00007ff85f9d6a17, pid=27812, tid=28368
#
# JRE version: Java(TM) SE Runtime Environment (24.0.2+12) (build 24.0.2+12-54)
# Java VM: Java HotSpot(TM) 64-Bit Server VM (24.0.2+12-54, mixed mode, sharing, tiered, compressed oops, compressed class ptrs, g1 gc, windows-amd64)
# Problematic frame:
# C  [glass.dll+0x26a17]
#
# No core dump will be written. Minidumps are not enabled by default on client versions of Windows
#
# If you would like to submit a bug report, please visit:
#   https://bugreport.java.com/bugreport/crash.jsp
#

---------------  S U M M A R Y ------------

Command Line: -javaagent:C:\Program Files\JetBrains\IntelliJ IDEA Community Edition 2025.2.1\lib\idea_rt.jar=53693 -Dfile.encoding=UTF-8 -Dsun.stdout.encoding=UTF-8 -Dsun.stderr.encoding=UTF-8 --module-path=C:\Users\ynand\.m2\repository\com\github\almasb\fxgl-core\17.3\fxgl-core-17.3.jar;C:\Users\ynand\.m2\repository\org\openjfx\javafx-web\21.0.6\javafx-web-21.0.6-win.jar;C:\Users\ynand\.m2\repository\org\kordamp\ikonli\ikonli-core\12.3.1\ikonli-core-12.3.1.jar;C:\Users\ynand\.m2\repository\org\openjfx\javafx-base\21.0.3\javafx-base-21.0.3-win.jar;C:\Users\ynand\.m2\repository\org\jetbrains\kotlin\kotlin-stdlib\1.8.10\kotlin-stdlib-1.8.10.jar;C:\Users\ynand\.m2\repository\org\openjfx\javafx-controls\21.0.6\javafx-controls-21.0.6-win.jar;C:\Users\ynand\.m2\repository\com\gluonhq\attach\util\4.0.17\util-4.0.17.jar;C:\Users\ynand\.m2\repository\com\github\almasb\fxgl-gameplay\17.3\fxgl-gameplay-17.3.jar;C:\Users\ynand\.m2\repository\org\controlsfx\controlsfx\11.2.1\controlsfx-11.2.1.jar;C:\Users\ynand\.m2\repository\com\github\almasb\fxgl-entity\17.3\fxgl-entity-17.3.jar;C:\Users\ynand\.m2\repository\com\gluonhq\attach\audio\4.0.17\audio-4.0.17.jar;C:\Users\ynand\.m2\repository\org\openjfx\javafx-fxml\21.0.6\javafx-fxml-21.0.6-win.jar;C:\Users\ynand\.m2\repository\org\kordamp\bootstrapfx\bootstrapfx-core\0.4.0\bootstrapfx-core-0.4.0.jar;C:\Users\ynand\.m2\repository\com\fasterxml\jackson\core\jackson-annotations\2.14.2\jackson-annotations-2.14.2.jar;C:\Users\ynand\Desktop\AceFitnessGym\AceGym\target\classes;C:\Users\ynand\.m2\repository\com\gluonhq\attach\lifecycle\4.0.17\lifecycle-4.0.17.jar;C:\Users\ynand\.m2\repository\eu\hansolo\tilesfx\21.0.9\tilesfx-21.0.9.jar;C:\Users\ynand\.m2\repository\org\openjfx\javafx-swing\21.0.6\javafx-swing-21.0.6-win.jar;C:\Users\ynand\.m2\repository\com\dlsc\formsfx\formsfx-core\11.6.0\formsfx-core-11.6.0.jar;C:\Users\ynand\.m2\repository\org\openjfx\javafx-graphics\21.0.3\javafx-graphics-21.0.3-win.jar;C:\Users\ynand\.m2\repository\eu\hansolo\toolbox\21.0.9\toolbox-21.0.9.jar;C:\Users\ynand\.m2\repository\com\fasterxml\jackson\core\jackson-databind\2.14.2\jackson-databind-2.14.2.jar;C:\Users\ynand\.m2\repository\eu\hansol-Djdk.module.main=codes.acegym codes.acegym/codes.acegym.Application_Launcher.Launcher

Host: 11th Gen Intel(R) Core(TM) i5-11400H @ 2.70GHz, 12 cores, 15G,  Windows 11 , 64 bit Build 26100 (10.0.26100.8246)
Time: Sun Apr 26 17:34:55 2026 Malay Peninsula Standard Time elapsed time: 85.298964 seconds (0d 0h 1m 25s)

---------------  T H R E A D  ---------------

Current thread (0x000001e92756b190):  VMThread "VM Thread"          [id=28368, stack(0x000000645ff00000,0x0000006460000000) (1024K)]

Stack: [0x000000645ff00000,0x0000006460000000],  sp=0x000000645fffec90,  free space=1019k
Native frames: (J=compiled Java code, j=interpreted, Vv=VM code, C=native code)
C  [glass.dll+0x26a17]  (no source info available)
C  [ucrtbase.dll+0x4bc75]  (no source info available)
C  [ucrtbase.dll+0x4b897]  (no source info available)
C  [ucrtbase.dll+0x4b84d]  (no source info available)
C  [glass.dll+0x241ed]  (no source info available)
C  [glass.dll+0x24312]  (no source info available)
C  [ntdll.dll+0x15f7ea]  (no source info available)
C  [ntdll.dll+0xbc23]  (no source info available)
C  [ntdll.dll+0x8d36f]  (no source info available)
C  [ntdll.dll+0x8c53e]  (no source info available)
C  [KERNEL32.DLL+0x418bb]  (no source info available)
C  [ucrtbase.dll+0xa00b3]  (no source info available)
V  [jvm.dll+0x72928c]  (no source info available)
V  [jvm.dll+0x728dc0]  (no source info available)
V  [jvm.dll+0x41b344]  (no source info available)
V  [jvm.dll+0x8e29c2]  (no source info available)
V  [jvm.dll+0x8e3d0c]  (no source info available)
V  [jvm.dll+0x8e4278]  (no source info available)
V  [jvm.dll+0x8e4513]  (no source info available)
V  [jvm.dll+0x87d9eb]  (no source info available)
V  [jvm.dll+0x72ef45]  (no source info available)
C  [ucrtbase.dll+0x37b0]  (no source info available)
C  [KERNEL32.DLL+0x2e8d7]  (no source info available)
C  [ntdll.dll+0x8c3fc]  (no source info available)


siginfo: EXCEPTION_ACCESS_VIOLATION (0xc0000005), reading address 0x0000000000000000


Registers:
RAX=0x0000000000000000, RBX=0x000001e927576712, RCX=0x000001e92756b190, RDX=0x000000645fffec90
RSP=0x000000645fffec90, RBP=0x00003d486b143f11, RSI=0x000001e96ddfce58, RDI=0x000001e96ddfce30
R8 =0x0000000000010002, R9 =0x00003d486b143f11, R10=0x000001e905d70000, R11=0x000000645fffeb40
R12=0x000000007ffe0385, R13=0x0000000000000001, R14=0x000000645fffed98, R15=0x000001e96ddfce30
RIP=0x00007ff85f9d6a17, EFLAGS=0x0000000000010206

XMM[0]=0x0000000000000000 0x0000000000000000
XMM[1]=0x0000000000000000 0x000000645fffd8e0
XMM[2]=0x0000000000000000 0x0000000000000000
XMM[3]=0x0000000000000000 0x0000000000000000
XMM[4]=0x0000000000000000 0x0000000000000000
XMM[5]=0x0000000000000000 0x0000000000000000
XMM[6]=0x0000000000000000 0x0000000000000000
XMM[7]=0x0000000000000000 0x404e000000000000
XMM[8]=0x0000000000000000 0x0000000000000000
XMM[9]=0x0000000000000000 0x0000000000000000
XMM[10]=0x0000000000000000 0x0000000000000000
XMM[11]=0x0000000000000000 0x0000000000000000
XMM[12]=0x0000000000000000 0x0000000000000000
XMM[13]=0x0000000000000000 0x0000000000000000
XMM[14]=0x0000000000000000 0x0000000000000000
XMM[15]=0x0000000000000000 0x0000000000000000
  MXCSR=0x00001fa0


Register to memory mapping:

RAX=0x0 is null
RBX=0x000001e927576712 is a global jni handle
RCX=0x000001e92756b190 points into unknown readable memory: 0x00007ff814e87c38 | 38 7c e8 14 f8 7f 00 00
RDX=0x000000645fffec90 points into unknown readable memory: 0x0000000000000000 | 00 00 00 00 00 00 00 00
RSP=0x000000645fffec90 points into unknown readable memory: 0x0000000000000000 | 00 00 00 00 00 00 00 00
RBP=0x00003d486b143f11 is an unknown value
RSI=0x000001e96ddfce58 points into unknown readable memory: 0x00003d486b143f11 | 11 3f 14 6b 48 3d 00 00
RDI=0x000001e96ddfce30 points into unknown readable memory: 0xfff0827217e43f11 | 11 3f e4 17 72 82 f0 ff
R8 =0x0000000000010002 is an unknown value
R9 =0x00003d486b143f11 is an unknown value
R10=0x000001e905d70000 points into unknown readable memory: 0x0000000000000000 | 00 00 00 00 00 00 00 00
R11=0x000000645fffeb40 points into unknown readable memory: 0x0000000000000000 | 00 00 00 00 00 00 00 00
R12=0x000000007ffe0385 points into unknown readable memory: 00 00 00
R13=0x0000000000000001 is an unknown value
R14=0x000000645fffed98 points into unknown readable memory: 0x000000645fffed80 | 80 ed ff 5f 64 00 00 00
R15=0x000001e96ddfce30 points into unknown readable memory: 0xfff0827217e43f11 | 11 3f e4 17 72 82 f0 ff

Top of Stack: (sp=0x000000645fffec90)
0x000000645fffec90:   0000000000000000 000001e900000000   ................
0x000000645fffeca0:   000001e96dcceb80 000000007ffe0385   ...m............
0x000000645fffecb0:   000001e96ddfce38 00007ff8c298bc75   8..m....u.......
0x000000645fffecc0:   000001e96ddfce30 000001e900000000   0..m............
0x000000645fffecd0:   000001e96ddfce50 00003d486b143f11   P..m.....?.kH=..
0x000000645fffece0:   fffffffffffffffe 00007ff8c2641b8b   ..........d.....
0x000000645fffecf0:   00007ff85f9b0000 00007ff85f9b0000   ..._......._....
0x000000645fffed00:   000000645fffed88 00007ff8c298b897   ..._d...........
0x000000645fffed10:   000000645fffed00 000000645fffed98   ..._d......_d...
0x000000645fffed20:   000000645ffff2e0 00007ff8c2a788c0   ..._d...........
0x000000645fffed30:   0000000000000001 00007ff8c298b84d   ........M.......
0x000000645fffed40:   0000000000000000 0000000000000001   ................
0x000000645fffed50:   0000000000000000 000000645fffed88   ..........._d...
0x000000645fffed60:   fffffffffffffffe 0000006400000000   ............d...
0x000000645fffed70:   0000000000000000 00007ff85f9d41ed   .........A._....
0x000000645fffed80:   00007ff85f9ea008 00007ff800000002   ..._............
0x000000645fffed90:   000001e900000002 000000645fffed80   ..........._d...
0x000000645fffeda0:   00007ff8c07a0000 0000000000000001   ..z.............
0x000000645fffedb0:   0000000000000000 00007ff85f9d4312   .........C._....
0x000000645fffedc0:   0000000000000001 0000000000000001   ................
0x000000645fffedd0:   0000000000000001 00007ff8c4eb27f0   .........'......
0x000000645fffede0:   000000007ffe0384 00007ff8c4eb2888   .........(......
0x000000645fffedf0:   0000000000000001 0000037f00000856   ........V.......
0x000000645fffee00:   0000000000000000 00007ff85f9d4360   ........`C._....
0x000000645fffee10:   0000000000000001 00007ff8c505f7ea   ................
0x000000645fffee20:   00007ff85f9b0000 0000000000000000   ..._............
0x000000645fffee30:   0000000000000001 000000007ffe0384   ................
0x000000645fffee40:   0000000000000000 00007ff8c4f0bc23   ........#.......
0x000000645fffee50:   0000000000000000 000001e9060c04a8   ................
0x000000645fffee60:   000000000000008d 0000000000000000   ................
0x000000645fffee70:   0000000000000000 0000000000000000   ................
0x000000645fffee80:   0000000000000000 fffff86600000000   ............f...

Instructions: (pc=0x00007ff85f9d6a17)
  0x00007ff85f9d6917:   8b 4d 58 e8 8d cf ff ff 48 8b 4d 60 e8 84 cf ff
  0x00007ff85f9d6927:   ff 48 8b 95 80 00 00 00 48 8b 8d 18 01 00 00 e8
  0x00007ff85f9d6937:   76 c4 ff ff 33 d2 33 c9 e8 cc e1 ff ff 90 48 89
  0x00007ff85f9d6947:   54 24 10 55 48 83 ec 20 48 8b ea 48 b8 00 00 00
  0x00007ff85f9d6957:   00 00 00 00 00 48 83 c4 20 5d c3 cc 40 55 48 8b
  0x00007ff85f9d6967:   ea 48 8b 01 33 c9 81 38 05 00 00 c0 0f 94 c1 8b
  0x00007ff85f9d6977:   c1 5d c3 cc 40 55 48 83 ec 20 48 8b ea 8a 4d 40
  0x00007ff85f9d6987:   48 83 c4 20 5d e9 73 d3 ff ff cc 40 55 48 83 ec
  0x00007ff85f9d6997:   20 48 8b ea 8a 4d 20 e8 61 d3 ff ff 90 48 83 c4
  0x00007ff85f9d69a7:   20 5d c3 cc 40 55 48 83 ec 20 48 8b ea 48 83 c4
  0x00007ff85f9d69b7:   20 5d e9 c2 d1 ff ff cc 40 55 48 83 ec 30 48 8b
  0x00007ff85f9d69c7:   ea 48 8b 01 8b 10 48 89 4c 24 28 89 54 24 20 4c
  0x00007ff85f9d69d7:   8d 0d 63 d6 ff ff 4c 8b 45 70 8b 55 68 48 8b 4d
  0x00007ff85f9d69e7:   60 e8 03 d1 ff ff 90 48 83 c4 30 5d c3 cc cc cc
  0x00007ff85f9d69f7:   cc cc cc cc cc cc cc cc cc 40 53 48 83 ec 20 48
  0x00007ff85f9d6a07:   8b 1d fb 2f 01 00 48 85 db 74 16 e8 89 8f ff ff
=>0x00007ff85f9d6a17:   4c 8b 00 48 8b d3 48 8b c8 41 ff 90 b0 00 00 00
  0x00007ff85f9d6a27:   90 48 83 c4 20 5b c3 cc cc 40 53 48 83 ec 20 48
  0x00007ff85f9d6a37:   8b 1d 6b 31 01 00 48 85 db 74 57 b8 ff ff ff ff
  0x00007ff85f9d6a47:   f0 0f c1 43 10 83 f8 01 75 3d 48 85 db 74 38 48
  0x00007ff85f9d6a57:   8b 0b 48 85 c9 74 0d ff 15 44 08 00 00 48 c7 03
  0x00007ff85f9d6a67:   00 00 00 00 48 8b 4b 08 48 85 c9 74 0d e8 33 ce
  0x00007ff85f9d6a77:   ff ff 48 c7 43 08 00 00 00 00 ba 18 00 00 00 48
  0x00007ff85f9d6a87:   8b cb e8 1e ce ff ff 48 c7 05 0f 31 01 00 00 00
  0x00007ff85f9d6a97:   00 00 48 83 c4 20 5b c3 cc 40 53 48 83 ec 20 48
  0x00007ff85f9d6aa7:   8b 1d db 30 01 00 48 85 db 74 57 b8 ff ff ff ff
  0x00007ff85f9d6ab7:   f0 0f c1 43 10 83 f8 01 75 3d 48 85 db 74 38 48
  0x00007ff85f9d6ac7:   8b 0b 48 85 c9 74 0d ff 15 d4 07 00 00 48 c7 03
  0x00007ff85f9d6ad7:   00 00 00 00 48 8b 4b 08 48 85 c9 74 0d e8 c3 cd
  0x00007ff85f9d6ae7:   ff ff 48 c7 43 08 00 00 00 00 ba 18 00 00 00 48
  0x00007ff85f9d6af7:   8b cb e8 ae cd ff ff 48 c7 05 7f 30 01 00 00 00
  0x00007ff85f9d6b07:   00 00 48 83 c4 20 5b c3 cc 40 53 48 83 ec 20 48


Stack slot to memory mapping:

stack at sp + 0 slots: 0x0 is null
stack at sp + 1 slots: 0x000001e900000000 points into unknown readable memory: 0x0000000000000000 | 00 00 00 00 00 00 00 00
stack at sp + 2 slots: 0x000001e96dcceb80 points into unknown readable memory: 0x000001e96dccf4b0 | b0 f4 cc 6d e9 01 00 00
stack at sp + 3 slots: 0x000000007ffe0385 points into unknown readable memory: 00 00 00
stack at sp + 4 slots: 0x000001e96ddfce38 points into unknown readable memory: 0x00003d486b143f11 | 11 3f 14 6b 48 3d 00 00
stack at sp + 5 slots: 0x00007ff8c298bc75 ucrtbase.dll
stack at sp + 6 slots: 0x000001e96ddfce30 points into unknown readable memory: 0xfff0827217e43f11 | 11 3f e4 17 72 82 f0 ff
stack at sp + 7 slots: 0x000001e900000000 points into unknown readable memory: 0x0000000000000000 | 00 00 00 00 00 00 00 00

VM_Operation (0x000000645f5ff130): Exit, mode: safepoint, requested by thread 0x000001e96d207c30


---------------  P R O C E S S  ---------------

Threads class SMR info:
_java_thread_list=0x000001e9762d6f20, length=20, elements={
0x000001e9081c29c0, 0x000001e92757e370, 0x000001e96d000080, 0x000001e96d003350,
0x000001e96d004320, 0x000001e96d004f40, 0x000001e96d005b60, 0x000001e96d00a860,
0x000001e96d01e5b0, 0x000001e96d0f8dd0, 0x000001e96d9be010, 0x000001e96d8ad820,
0x000001e96d88d2a0, 0x000001e96dcc9990, 0x000001e96dd0d560, 0x000001e96e2fe460,
0x000001e975906990, 0x000001e9754e2790, 0x000001e979b033c0, 0x000001e96d207c30
}

Java Threads: ( => current thread )
  0x000001e9081c29c0 JavaThread "main"                              [_thread_blocked, id=29048, stack(0x000000645f800000,0x000000645f900000) (1024K)]
  0x000001e92757e370 JavaThread "Reference Handler"          daemon [_thread_blocked, id=18788, stack(0x0000006460000000,0x0000006460100000) (1024K)]
  0x000001e96d000080 JavaThread "Finalizer"                  daemon [_thread_blocked, id=26668, stack(0x0000006460100000,0x0000006460200000) (1024K)]
  0x000001e96d003350 JavaThread "Signal Dispatcher"          daemon [_thread_blocked, id=15264, stack(0x0000006460200000,0x0000006460300000) (1024K)]
  0x000001e96d004320 JavaThread "Attach Listener"            daemon [_thread_blocked, id=17444, stack(0x0000006460300000,0x0000006460400000) (1024K)]
  0x000001e96d004f40 JavaThread "Service Thread"             daemon [_thread_blocked, id=16904, stack(0x0000006460400000,0x0000006460500000) (1024K)]
  0x000001e96d005b60 JavaThread "Monitor Deflation Thread"   daemon [_thread_blocked, id=28744, stack(0x0000006460500000,0x0000006460600000) (1024K)]
  0x000001e96d00a860 JavaThread "C2 CompilerThread0"         daemon [_thread_blocked, id=23128, stack(0x0000006460600000,0x0000006460700000) (1024K)]
  0x000001e96d01e5b0 JavaThread "C1 CompilerThread0"         daemon [_thread_blocked, id=16008, stack(0x0000006460700000,0x0000006460800000) (1024K)]
  0x000001e96d0f8dd0 JavaThread "Common-Cleaner"             daemon [_thread_blocked, id=24884, stack(0x0000006460800000,0x0000006460900000) (1024K)]
  0x000001e96d9be010 JavaThread "Monitor Ctrl-Break"         daemon [_thread_in_native, id=29860, stack(0x0000006460b00000,0x0000006460c00000) (1024K)]
  0x000001e96d8ad820 JavaThread "Notification Thread"        daemon [_thread_blocked, id=17148, stack(0x0000006460c00000,0x0000006460d00000) (1024K)]
  0x000001e96d88d2a0 JavaThread "JavaFX-Launcher"                   [_thread_blocked, id=17848, stack(0x0000006460d00000,0x0000006460e00000) (1024K)]
  0x000001e96dcc9990 JavaThread "InvokeLaterDispatcher"      daemon [_thread_blocked, id=680, stack(0x0000006460900000,0x0000006460a00000) (1024K)]
  0x000001e96dd0d560 JavaThread "JavaFX Application Thread"         [_thread_blocked, id=3144, stack(0x0000006460a00000,0x0000006460b00000) (1024K)]
  0x000001e96e2fe460 JavaThread "Thread-2"                   daemon [_thread_in_native, id=6224, stack(0x0000006461100000,0x0000006461200000) (1024K)]
  0x000001e975906990 JavaThread "Prism Font Disposer"        daemon [_thread_blocked, id=24924, stack(0x0000006461a00000,0x0000006461b00000) (1024K)]
  0x000001e9754e2790 JavaThread "Cleaner-0"                  daemon [_thread_blocked, id=29184, stack(0x0000006462400000,0x0000006462500000) (1024K)]
  0x000001e979b033c0 JavaThread "mysql-cj-abandoned-connection-cleanup" daemon [_thread_blocked, id=26156, stack(0x0000006462500000,0x0000006462600000) (1024K)]
  0x000001e96d207c30 JavaThread "SIGINT handler"             daemon [_thread_blocked, id=24132, stack(0x000000645f500000,0x000000645f600000) (1024K)]
Total: 20

Other Threads:
=>0x000001e92756b190 VMThread "VM Thread"                           [id=28368, stack(0x000000645ff00000,0x0000006460000000) (1024K)]
  0x000001e90822ba80 WorkerThread "GC Thread#0"                     [id=25596, stack(0x000000645f900000,0x000000645fa00000) (1024K)]
  0x000001e96e1ed9c0 WorkerThread "GC Thread#1"                     [id=28556, stack(0x0000006461300000,0x0000006461400000) (1024K)]
  0x000001e96e1ec3a0 WorkerThread "GC Thread#2"                     [id=18644, stack(0x0000006461400000,0x0000006461500000) (1024K)]
  0x000001e96e1ecb00 WorkerThread "GC Thread#3"                     [id=20436, stack(0x0000006461500000,0x0000006461600000) (1024K)]
  0x000001e96e1edd70 WorkerThread "GC Thread#4"                     [id=3600, stack(0x0000006461600000,0x0000006461700000) (1024K)]
  0x000001e96e1ed610 WorkerThread "GC Thread#5"                     [id=27524, stack(0x0000006461700000,0x0000006461800000) (1024K)]
  0x000001e96e7cca60 WorkerThread "GC Thread#6"                     [id=6272, stack(0x0000006461d00000,0x0000006461e00000) (1024K)]
  0x000001e96e7cdcd0 WorkerThread "GC Thread#7"                     [id=8580, stack(0x0000006461e00000,0x0000006461f00000) (1024K)]
  0x000001e96e7cce10 WorkerThread "GC Thread#8"                     [id=21336, stack(0x0000006461f00000,0x0000006462000000) (1024K)]
  0x000001e96e7cc6b0 WorkerThread "GC Thread#9"                     [id=4228, stack(0x0000006462000000,0x0000006462100000) (1024K)]
  0x000001e908240630 ConcurrentGCThread "G1 Main Marker"            terminated
  0x000001e908242ee0 WorkerThread "G1 Conc#0"                       [id=26076, stack(0x000000645fb00000,0x000000645fc00000) (1024K)]
  0x000001e96e7cc300 WorkerThread "G1 Conc#1"                       [id=10016, stack(0x0000006462100000,0x0000006462200000) (1024K)]
  0x000001e975af4040 WorkerThread "G1 Conc#2"                       [id=2644, stack(0x0000006462200000,0x0000006462300000) (1024K)]
  0x000001e927411460 ConcurrentGCThread "G1 Refine#0"               terminated
  0x000001e927411e80 ConcurrentGCThread "G1 Service"                terminated
Total: 17

Threads with active compile tasks:
Total: 0

VM state: at safepoint (shutting down)

VM Mutex/Monitor currently owned by a thread:  ([mutex/lock_event])
[0x00007ff815064270] ThreadsLockThrottle_lock - owner thread: 0x000001e96d003350
[0x00007ff8150644f0] Threads_lock - owner thread: 0x000001e92756b190
[0x00007ff8150645f0] Heap_lock - owner thread: 0x000001e96d207c30

Heap address: 0x0000000703a00000, size: 4038 MB, Compressed Oops mode: Zero based, Oop shift amount: 3

CDS archive(s) mapped at: [0x000001e928000000-0x000001e928d40000-0x000001e928d40000), size 13893632, SharedBaseAddress: 0x000001e928000000, ArchiveRelocationMode: 1.
Compressed class space mapped at: 0x000001e929000000-0x000001e969000000, reserved size: 1073741824
UseCompressedClassPointers 1, UseCompactObjectHeaders 0
Narrow klass pointer bits 32, Max shift 3
Narrow klass base: 0x000001e928000000, Narrow klass shift: 0
Encoding Range: [0x000001e928000000 - 0x000001ea28000000), (4294967296 bytes)
Klass Range:    [0x000001e928000000 - 0x000001e969000000), (1090519040 bytes)
Klass ID Range:  [8 - 1090519033) (1090519025)

GC Precious Log:
 CardTable entry size: 512
 Card Set container configuration: InlinePtr #cards 4 size 8 Array Of Cards #cards 16 size 48 Howl #buckets 8 coarsen threshold 3686 Howl Bitmap #cards 512 size 80 coarsen threshold 460 Card regions per heap region 1 cards per card region 4096
 CPUs: 12 total, 12 available
 Memory: 16147M
 Large Page Support: Disabled
 NUMA Support: Disabled
 Compressed Oops: Enabled (Zero based)
 Heap Region Size: 2M
 Heap Min Capacity: 8M
 Heap Initial Capacity: 254M
 Heap Max Capacity: 4038M
 Pre-touch: Disabled
 Parallel Workers: 10
 Concurrent Workers: 3
 Concurrent Refinement Workers: 10
 Periodic GC: Disabled

Heap:
 garbage-first heap   total reserved 4134912K, committed 348160K, used 263570K [0x0000000703a00000, 0x0000000800000000)
  region size 2048K, 32 young (65536K), 3 survivors (6144K)
 Metaspace       used 35220K, committed 35648K, reserved 1114112K
  class space    used 4229K, committed 4416K, reserved 1048576K

Heap Regions: E=young(eden), S=young(survivor), O=old, HS=humongous(starts), HC=humongous(continues), CS=collection set, F=free, TAMS=top-at-mark-start, PB=parsable bottom
|   0|0x0000000703a00000, 0x0000000703c00000, 0x0000000703c00000|100%|HS|  |TAMS 0x0000000703a00000| PB 0x0000000703a00000| Complete |  0
|   1|0x0000000703c00000, 0x0000000703e00000, 0x0000000703e00000|100%|HS|  |TAMS 0x0000000703c00000| PB 0x0000000703c00000| Complete |  0
|   2|0x0000000703e00000, 0x0000000704000000, 0x0000000704000000|100%|HS|  |TAMS 0x0000000703e00000| PB 0x0000000703e00000| Complete |  0
|   3|0x0000000704000000, 0x0000000704200000, 0x0000000704200000|100%|HS|  |TAMS 0x0000000704000000| PB 0x0000000704000000| Complete |  0
|   4|0x0000000704200000, 0x0000000704400000, 0x0000000704400000|100%|HS|  |TAMS 0x0000000704200000| PB 0x0000000704200000| Complete |  0
|   5|0x0000000704400000, 0x0000000704600000, 0x0000000704600000|100%|HS|  |TAMS 0x0000000704400000| PB 0x0000000704400000| Complete |  0
|   6|0x0000000704600000, 0x0000000704800000, 0x0000000704800000|100%|HS|  |TAMS 0x0000000704600000| PB 0x0000000704600000| Complete |  0
|   7|0x0000000704800000, 0x0000000704a00000, 0x0000000704a00000|100%|HC|  |TAMS 0x0000000704800000| PB 0x0000000704800000| Complete |  0
|   8|0x0000000704a00000, 0x0000000704c00000, 0x0000000704c00000|100%|HS|  |TAMS 0x0000000704a00000| PB 0x0000000704a00000| Complete |  0
|   9|0x0000000704c00000, 0x0000000704e00000, 0x0000000704e00000|100%|HS|  |TAMS 0x0000000704c00000| PB 0x0000000704c00000| Complete |  0
|  10|0x0000000704e00000, 0x0000000705000000, 0x0000000705000000|100%|HS|  |TAMS 0x0000000704e00000| PB 0x0000000704e00000| Complete |  0
|  11|0x0000000705000000, 0x0000000705200000, 0x0000000705200000|100%|HS|  |TAMS 0x0000000705000000| PB 0x0000000705000000| Complete |  0
|  12|0x0000000705200000, 0x0000000705400000, 0x0000000705400000|100%|HS|  |TAMS 0x0000000705200000| PB 0x0000000705200000| Complete |  0
|  13|0x0000000705400000, 0x0000000705600000, 0x0000000705600000|100%|HS|  |TAMS 0x0000000705400000| PB 0x0000000705400000| Complete |  0
|  14|0x0000000705600000, 0x0000000705800000, 0x0000000705800000|100%|HS|  |TAMS 0x0000000705600000| PB 0x0000000705600000| Complete |  0
|  15|0x0000000705800000, 0x0000000705a00000, 0x0000000705a00000|100%|HS|  |TAMS 0x0000000705800000| PB 0x0000000705800000| Complete |  0
|  16|0x0000000705a00000, 0x0000000705c00000, 0x0000000705c00000|100%|HS|  |TAMS 0x0000000705a00000| PB 0x0000000705a00000| Complete |  0
|  17|0x0000000705c00000, 0x0000000705e00000, 0x0000000705e00000|100%|HS|  |TAMS 0x0000000705c00000| PB 0x0000000705c00000| Complete |  0
|  18|0x0000000705e00000, 0x0000000706000000, 0x0000000706000000|100%|HS|  |TAMS 0x0000000705e00000| PB 0x0000000705e00000| Complete |  0
|  19|0x0000000706000000, 0x0000000706200000, 0x0000000706200000|100%|HS|  |TAMS 0x0000000706000000| PB 0x0000000706000000| Complete |  0
|  20|0x0000000706200000, 0x0000000706400000, 0x0000000706400000|100%|HS|  |TAMS 0x0000000706200000| PB 0x0000000706200000| Complete |  0
|  21|0x0000000706400000, 0x0000000706600000, 0x0000000706600000|100%|HS|  |TAMS 0x0000000706400000| PB 0x0000000706400000| Complete |  0
|  22|0x0000000706600000, 0x0000000706800000, 0x0000000706800000|100%|HS|  |TAMS 0x0000000706600000| PB 0x0000000706600000| Complete |  0
|  23|0x0000000706800000, 0x0000000706a00000, 0x0000000706a00000|100%|HS|  |TAMS 0x0000000706800000| PB 0x0000000706800000| Complete |  0
|  24|0x0000000706a00000, 0x0000000706c00000, 0x0000000706c00000|100%|HS|  |TAMS 0x0000000706a00000| PB 0x0000000706a00000| Complete |  0
|  25|0x0000000706c00000, 0x0000000706e00000, 0x0000000706e00000|100%|HS|  |TAMS 0x0000000706c00000| PB 0x0000000706c00000| Complete |  0
|  26|0x0000000706e00000, 0x0000000707000000, 0x0000000707000000|100%|HS|  |TAMS 0x0000000706e00000| PB 0x0000000706e00000| Complete |  0
|  27|0x0000000707000000, 0x0000000707200000, 0x0000000707200000|100%|HS|  |TAMS 0x0000000707000000| PB 0x0000000707000000| Complete |  0
|  28|0x0000000707200000, 0x0000000707400000, 0x0000000707400000|100%| O|  |TAMS 0x0000000707200000| PB 0x0000000707200000| Untracked |  0
|  29|0x0000000707400000, 0x0000000707600000, 0x0000000707600000|100%| O|  |TAMS 0x0000000707400000| PB 0x0000000707400000| Untracked |  0
|  30|0x0000000707600000, 0x0000000707800000, 0x0000000707800000|100%| O|  |TAMS 0x0000000707600000| PB 0x0000000707600000| Untracked |  0
|  31|0x0000000707800000, 0x0000000707a00000, 0x0000000707a00000|100%| O|Cm|TAMS 0x0000000707800000| PB 0x0000000707800000| Complete |  0
|  32|0x0000000707a00000, 0x0000000707a00000, 0x0000000707c00000|  0%| F|  |TAMS 0x0000000707a00000| PB 0x0000000707a00000| Untracked |  0
|  33|0x0000000707c00000, 0x0000000707e00000, 0x0000000707e00000|100%|HS|  |TAMS 0x0000000707c00000| PB 0x0000000707c00000| Complete |  0
|  34|0x0000000707e00000, 0x0000000708000000, 0x0000000708000000|100%|HS|  |TAMS 0x0000000707e00000| PB 0x0000000707e00000| Complete |  0
|  35|0x0000000708000000, 0x0000000708200000, 0x0000000708200000|100%|HS|  |TAMS 0x0000000708000000| PB 0x0000000708000000| Complete |  0
|  36|0x0000000708200000, 0x0000000708400000, 0x0000000708400000|100%|HS|  |TAMS 0x0000000708200000| PB 0x0000000708200000| Complete |  0
|  37|0x0000000708400000, 0x0000000708600000, 0x0000000708600000|100%|HS|  |TAMS 0x0000000708400000| PB 0x0000000708400000| Complete |  0
|  38|0x0000000708600000, 0x0000000708800000, 0x0000000708800000|100%|HS|  |TAMS 0x0000000708600000| PB 0x0000000708600000| Complete |  0
|  39|0x0000000708800000, 0x0000000708a00000, 0x0000000708a00000|100%|HS|  |TAMS 0x0000000708800000| PB 0x0000000708800000| Complete |  0
|  40|0x0000000708a00000, 0x0000000708c00000, 0x0000000708c00000|100%|HS|  |TAMS 0x0000000708a00000| PB 0x0000000708a00000| Complete |  0
|  41|0x0000000708c00000, 0x0000000708e00000, 0x0000000708e00000|100%|HS|  |TAMS 0x0000000708c00000| PB 0x0000000708c00000| Complete |  0
|  42|0x0000000708e00000, 0x0000000709000000, 0x0000000709000000|100%|HS|  |TAMS 0x0000000708e00000| PB 0x0000000708e00000| Complete |  0
|  43|0x0000000709000000, 0x0000000709000000, 0x0000000709200000|  0%| F|  |TAMS 0x0000000709000000| PB 0x0000000709000000| Untracked |  0
|  44|0x0000000709200000, 0x0000000709400000, 0x0000000709400000|100%|HS|  |TAMS 0x0000000709200000| PB 0x0000000709200000| Complete |  0
|  45|0x0000000709400000, 0x0000000709600000, 0x0000000709600000|100%|HS|  |TAMS 0x0000000709400000| PB 0x0000000709400000| Complete |  0
|  46|0x0000000709600000, 0x0000000709800000, 0x0000000709800000|100%|HS|  |TAMS 0x0000000709600000| PB 0x0000000709600000| Complete |  0
|  47|0x0000000709800000, 0x0000000709a00000, 0x0000000709a00000|100%|HS|  |TAMS 0x0000000709800000| PB 0x0000000709800000| Complete |  0
|  48|0x0000000709a00000, 0x0000000709c00000, 0x0000000709c00000|100%|HS|  |TAMS 0x0000000709a00000| PB 0x0000000709a00000| Complete |  0
|  49|0x0000000709c00000, 0x0000000709e00000, 0x0000000709e00000|100%|HS|  |TAMS 0x0000000709c00000| PB 0x0000000709c00000| Complete |  0
|  50|0x0000000709e00000, 0x000000070a000000, 0x000000070a000000|100%|HS|  |TAMS 0x0000000709e00000| PB 0x0000000709e00000| Complete |  0
|  51|0x000000070a000000, 0x000000070a200000, 0x000000070a200000|100%|HS|  |TAMS 0x000000070a000000| PB 0x000000070a000000| Complete |  0
|  52|0x000000070a200000, 0x000000070a400000, 0x000000070a400000|100%|HS|  |TAMS 0x000000070a200000| PB 0x000000070a200000| Complete |  0
|  53|0x000000070a400000, 0x000000070a600000, 0x000000070a600000|100%|HS|  |TAMS 0x000000070a400000| PB 0x000000070a400000| Complete |  0
|  54|0x000000070a600000, 0x000000070a800000, 0x000000070a800000|100%|HS|  |TAMS 0x000000070a600000| PB 0x000000070a600000| Complete |  0
|  55|0x000000070a800000, 0x000000070aa00000, 0x000000070aa00000|100%|HS|  |TAMS 0x000000070a800000| PB 0x000000070a800000| Complete |  0
|  56|0x000000070aa00000, 0x000000070ac00000, 0x000000070ac00000|100%|HS|  |TAMS 0x000000070aa00000| PB 0x000000070aa00000| Complete |  0
|  57|0x000000070ac00000, 0x000000070ae00000, 0x000000070ae00000|100%|HS|  |TAMS 0x000000070ac00000| PB 0x000000070ac00000| Complete |  0
|  58|0x000000070ae00000, 0x000000070b000000, 0x000000070b000000|100%|HS|  |TAMS 0x000000070ae00000| PB 0x000000070ae00000| Complete |  0
|  59|0x000000070b000000, 0x000000070b200000, 0x000000070b200000|100%|HS|  |TAMS 0x000000070b000000| PB 0x000000070b000000| Complete |  0
|  60|0x000000070b200000, 0x000000070b400000, 0x000000070b400000|100%|HS|  |TAMS 0x000000070b200000| PB 0x000000070b200000| Complete |  0
|  61|0x000000070b400000, 0x000000070b600000, 0x000000070b600000|100%|HS|  |TAMS 0x000000070b400000| PB 0x000000070b400000| Complete |  0
|  62|0x000000070b600000, 0x000000070b800000, 0x000000070b800000|100%|HS|  |TAMS 0x000000070b600000| PB 0x000000070b600000| Complete |  0
|  63|0x000000070b800000, 0x000000070ba00000, 0x000000070ba00000|100%|HS|  |TAMS 0x000000070b800000| PB 0x000000070b800000| Complete |  0
|  64|0x000000070ba00000, 0x000000070bc00000, 0x000000070bc00000|100%|HS|  |TAMS 0x000000070ba00000| PB 0x000000070ba00000| Complete |  0
|  65|0x000000070bc00000, 0x000000070be00000, 0x000000070be00000|100%|HS|  |TAMS 0x000000070bc00000| PB 0x000000070bc00000| Complete |  0
|  66|0x000000070be00000, 0x000000070c000000, 0x000000070c000000|100%|HS|  |TAMS 0x000000070be00000| PB 0x000000070be00000| Complete |  0
|  67|0x000000070c000000, 0x000000070c200000, 0x000000070c200000|100%|HS|  |TAMS 0x000000070c000000| PB 0x000000070c000000| Complete |  0
|  68|0x000000070c200000, 0x000000070c400000, 0x000000070c400000|100%|HS|  |TAMS 0x000000070c200000| PB 0x000000070c200000| Complete |  0
|  69|0x000000070c400000, 0x000000070c600000, 0x000000070c600000|100%|HS|  |TAMS 0x000000070c400000| PB 0x000000070c400000| Complete |  0
|  70|0x000000070c600000, 0x000000070c800000, 0x000000070c800000|100%|HS|  |TAMS 0x000000070c600000| PB 0x000000070c600000| Complete |  0
|  71|0x000000070c800000, 0x000000070ca00000, 0x000000070ca00000|100%|HS|  |TAMS 0x000000070c800000| PB 0x000000070c800000| Complete |  0
|  72|0x000000070ca00000, 0x000000070cc00000, 0x000000070cc00000|100%|HS|  |TAMS 0x000000070ca00000| PB 0x000000070ca00000| Complete |  0
|  73|0x000000070cc00000, 0x000000070ce00000, 0x000000070ce00000|100%| O|  |TAMS 0x000000070cc00000| PB 0x000000070cc00000| Untracked |  0
|  74|0x000000070ce00000, 0x000000070d000000, 0x000000070d000000|100%| O|  |TAMS 0x000000070ce00000| PB 0x000000070ce00000| Untracked |  0
|  75|0x000000070d000000, 0x000000070d200000, 0x000000070d200000|100%| O|  |TAMS 0x000000070d000000| PB 0x000000070d000000| Untracked |  0
|  76|0x000000070d200000, 0x000000070d400000, 0x000000070d400000|100%| O|  |TAMS 0x000000070d200000| PB 0x000000070d200000| Untracked |  0
|  77|0x000000070d400000, 0x000000070d600000, 0x000000070d600000|100%| O|  |TAMS 0x000000070d400000| PB 0x000000070d400000| Untracked |  0
|  78|0x000000070d600000, 0x000000070d800000, 0x000000070d800000|100%| O|  |TAMS 0x000000070d600000| PB 0x000000070d600000| Untracked |  0
|  79|0x000000070d800000, 0x000000070da00000, 0x000000070da00000|100%| O|  |TAMS 0x000000070d800000| PB 0x000000070d800000| Untracked |  0
|  80|0x000000070da00000, 0x000000070dc00000, 0x000000070dc00000|100%|HS|  |TAMS 0x000000070da00000| PB 0x000000070da00000| Complete |  0
|  81|0x000000070dc00000, 0x000000070de00000, 0x000000070de00000|100%| O|  |TAMS 0x000000070dc00000| PB 0x000000070dc00000| Untracked |  0
|  82|0x000000070de00000, 0x000000070e000000, 0x000000070e000000|100%| O|  |TAMS 0x000000070de00000| PB 0x000000070de00000| Untracked |  0
|  83|0x000000070e000000, 0x000000070e200000, 0x000000070e200000|100%| O|  |TAMS 0x000000070e000000| PB 0x000000070e000000| Untracked |  0
|  84|0x000000070e200000, 0x000000070e400000, 0x000000070e400000|100%| O|Cm|TAMS 0x000000070e200000| PB 0x000000070e200000| Complete |  0
|  85|0x000000070e400000, 0x000000070e51ed60, 0x000000070e600000| 56%| O|  |TAMS 0x000000070e400000| PB 0x000000070e400000| Untracked |  0
|  86|0x000000070e600000, 0x000000070e600000, 0x000000070e800000|  0%| F|  |TAMS 0x000000070e600000| PB 0x000000070e600000| Untracked |  0
|  87|0x000000070e800000, 0x000000070e800000, 0x000000070ea00000|  0%| F|  |TAMS 0x000000070e800000| PB 0x000000070e800000| Untracked |  0
|  88|0x000000070ea00000, 0x000000070ea00000, 0x000000070ec00000|  0%| F|  |TAMS 0x000000070ea00000| PB 0x000000070ea00000| Untracked |  0
|  89|0x000000070ec00000, 0x000000070ec00000, 0x000000070ee00000|  0%| F|  |TAMS 0x000000070ec00000| PB 0x000000070ec00000| Untracked |  0
|  90|0x000000070ee00000, 0x000000070ee00000, 0x000000070f000000|  0%| F|  |TAMS 0x000000070ee00000| PB 0x000000070ee00000| Untracked |  0
|  91|0x000000070f000000, 0x000000070f000000, 0x000000070f200000|  0%| F|  |TAMS 0x000000070f000000| PB 0x000000070f000000| Untracked |  0
|  92|0x000000070f200000, 0x000000070f400000, 0x000000070f400000|100%|HS|  |TAMS 0x000000070f200000| PB 0x000000070f200000| Complete |  0
|  93|0x000000070f400000, 0x000000070f600000, 0x000000070f600000|100%|HS|  |TAMS 0x000000070f400000| PB 0x000000070f400000| Complete |  0
|  94|0x000000070f600000, 0x000000070f800000, 0x000000070f800000|100%|HS|  |TAMS 0x000000070f600000| PB 0x000000070f600000| Complete |  0
|  95|0x000000070f800000, 0x000000070fa00000, 0x000000070fa00000|100%|HS|  |TAMS 0x000000070f800000| PB 0x000000070f800000| Complete |  0
|  96|0x000000070fa00000, 0x000000070fa00000, 0x000000070fc00000|  0%| F|  |TAMS 0x000000070fa00000| PB 0x000000070fa00000| Untracked |  0
|  97|0x000000070fc00000, 0x000000070fc00000, 0x000000070fe00000|  0%| F|  |TAMS 0x000000070fc00000| PB 0x000000070fc00000| Untracked |  0
|  98|0x000000070fe00000, 0x000000070fe00000, 0x0000000710000000|  0%| F|  |TAMS 0x000000070fe00000| PB 0x000000070fe00000| Untracked |  0
|  99|0x0000000710000000, 0x0000000710000000, 0x0000000710200000|  0%| F|  |TAMS 0x0000000710000000| PB 0x0000000710000000| Untracked |  0
| 100|0x0000000710200000, 0x0000000710200000, 0x0000000710400000|  0%| F|  |TAMS 0x0000000710200000| PB 0x0000000710200000| Untracked |  0
| 101|0x0000000710400000, 0x0000000710400000, 0x0000000710600000|  0%| F|  |TAMS 0x0000000710400000| PB 0x0000000710400000| Untracked |  0
| 102|0x0000000710600000, 0x0000000710600000, 0x0000000710800000|  0%| F|  |TAMS 0x0000000710600000| PB 0x0000000710600000| Untracked |  0
| 103|0x0000000710800000, 0x0000000710800000, 0x0000000710a00000|  0%| F|  |TAMS 0x0000000710800000| PB 0x0000000710800000| Untracked |  0
| 104|0x0000000710a00000, 0x0000000710a00000, 0x0000000710c00000|  0%| F|  |TAMS 0x0000000710a00000| PB 0x0000000710a00000| Untracked |  0
| 105|0x0000000710c00000, 0x0000000710c00000, 0x0000000710e00000|  0%| F|  |TAMS 0x0000000710c00000| PB 0x0000000710c00000| Untracked |  0
| 106|0x0000000710e00000, 0x0000000710e00000, 0x0000000711000000|  0%| F|  |TAMS 0x0000000710e00000| PB 0x0000000710e00000| Untracked |  0
| 107|0x0000000711000000, 0x0000000711000000, 0x0000000711200000|  0%| F|  |TAMS 0x0000000711000000| PB 0x0000000711000000| Untracked |  0
| 108|0x0000000711200000, 0x0000000711200000, 0x0000000711400000|  0%| F|  |TAMS 0x0000000711200000| PB 0x0000000711200000| Untracked |  0
| 109|0x0000000711400000, 0x0000000711445d08, 0x0000000711600000| 13%| S|CS|TAMS 0x0000000711400000| PB 0x0000000711400000| Complete |  0
| 110|0x0000000711600000, 0x0000000711600000, 0x0000000711800000|  0%| F|  |TAMS 0x0000000711600000| PB 0x0000000711600000| Untracked |  0
| 111|0x0000000711800000, 0x0000000711800000, 0x0000000711a00000|  0%| F|  |TAMS 0x0000000711800000| PB 0x0000000711800000| Untracked |  0
| 112|0x0000000711a00000, 0x0000000711c00000, 0x0000000711c00000|100%| S|CS|TAMS 0x0000000711a00000| PB 0x0000000711a00000| Complete |  0
| 113|0x0000000711c00000, 0x0000000711e00000, 0x0000000711e00000|100%| S|CS|TAMS 0x0000000711c00000| PB 0x0000000711c00000| Complete |  0
| 114|0x0000000711e00000, 0x0000000711e00000, 0x0000000712000000|  0%| F|  |TAMS 0x0000000711e00000| PB 0x0000000711e00000| Untracked |  0
| 115|0x0000000712000000, 0x0000000712000000, 0x0000000712200000|  0%| F|  |TAMS 0x0000000712000000| PB 0x0000000712000000| Untracked |  0
| 116|0x0000000712200000, 0x0000000712200000, 0x0000000712400000|  0%| F|  |TAMS 0x0000000712200000| PB 0x0000000712200000| Untracked |  0
| 117|0x0000000712400000, 0x0000000712400000, 0x0000000712600000|  0%| F|  |TAMS 0x0000000712400000| PB 0x0000000712400000| Untracked |  0
| 118|0x0000000712600000, 0x0000000712600000, 0x0000000712800000|  0%| F|  |TAMS 0x0000000712600000| PB 0x0000000712600000| Untracked |  0
| 119|0x0000000712800000, 0x0000000712800000, 0x0000000712a00000|  0%| F|  |TAMS 0x0000000712800000| PB 0x0000000712800000| Untracked |  0
| 120|0x0000000712a00000, 0x0000000712a00000, 0x0000000712c00000|  0%| F|  |TAMS 0x0000000712a00000| PB 0x0000000712a00000| Untracked |  0
| 121|0x0000000712c00000, 0x0000000712c00000, 0x0000000712e00000|  0%| F|  |TAMS 0x0000000712c00000| PB 0x0000000712c00000| Untracked |  0
| 122|0x0000000712e00000, 0x0000000712e00000, 0x0000000713000000|  0%| F|  |TAMS 0x0000000712e00000| PB 0x0000000712e00000| Untracked |  0
| 123|0x0000000713000000, 0x0000000713000000, 0x0000000713200000|  0%| F|  |TAMS 0x0000000713000000| PB 0x0000000713000000| Untracked |  0
| 124|0x0000000713200000, 0x0000000713200000, 0x0000000713400000|  0%| F|  |TAMS 0x0000000713200000| PB 0x0000000713200000| Untracked |  0
| 125|0x0000000713400000, 0x0000000713400000, 0x0000000713600000|  0%| F|  |TAMS 0x0000000713400000| PB 0x0000000713400000| Untracked |  0
| 126|0x0000000713600000, 0x0000000713600000, 0x0000000713800000|  0%| F|  |TAMS 0x0000000713600000| PB 0x0000000713600000| Untracked |  0
| 127|0x0000000713800000, 0x0000000713800000, 0x0000000713a00000|  0%| F|  |TAMS 0x0000000713800000| PB 0x0000000713800000| Untracked |  0
| 128|0x0000000713a00000, 0x0000000713a00000, 0x0000000713c00000|  0%| F|  |TAMS 0x0000000713a00000| PB 0x0000000713a00000| Untracked |  0
| 129|0x0000000713c00000, 0x0000000713c00000, 0x0000000713e00000|  0%| F|  |TAMS 0x0000000713c00000| PB 0x0000000713c00000| Untracked |  0
| 130|0x0000000713e00000, 0x0000000713e60438, 0x0000000714000000| 18%| E|  |TAMS 0x0000000713e00000| PB 0x0000000713e00000| Complete |  0
| 131|0x0000000714000000, 0x0000000714200000, 0x0000000714200000|100%| E|CS|TAMS 0x0000000714000000| PB 0x0000000714000000| Complete |  0
| 132|0x0000000714200000, 0x0000000714400000, 0x0000000714400000|100%| E|CS|TAMS 0x0000000714200000| PB 0x0000000714200000| Complete |  0
| 133|0x0000000714400000, 0x0000000714600000, 0x0000000714600000|100%| E|CS|TAMS 0x0000000714400000| PB 0x0000000714400000| Complete |  0
| 134|0x0000000714600000, 0x0000000714800000, 0x0000000714800000|100%| E|CS|TAMS 0x0000000714600000| PB 0x0000000714600000| Complete |  0
| 135|0x0000000714800000, 0x0000000714a00000, 0x0000000714a00000|100%| E|CS|TAMS 0x0000000714800000| PB 0x0000000714800000| Complete |  0
| 136|0x0000000714a00000, 0x0000000714c00000, 0x0000000714c00000|100%| E|CS|TAMS 0x0000000714a00000| PB 0x0000000714a00000| Complete |  0
| 137|0x0000000714c00000, 0x0000000714e00000, 0x0000000714e00000|100%| E|CS|TAMS 0x0000000714c00000| PB 0x0000000714c00000| Complete |  0
| 138|0x0000000714e00000, 0x0000000715000000, 0x0000000715000000|100%| E|CS|TAMS 0x0000000714e00000| PB 0x0000000714e00000| Complete |  0
| 139|0x0000000715000000, 0x0000000715200000, 0x0000000715200000|100%| E|CS|TAMS 0x0000000715000000| PB 0x0000000715000000| Complete |  0
| 140|0x0000000715200000, 0x0000000715400000, 0x0000000715400000|100%| E|CS|TAMS 0x0000000715200000| PB 0x0000000715200000| Complete |  0
| 141|0x0000000715400000, 0x0000000715600000, 0x0000000715600000|100%| E|CS|TAMS 0x0000000715400000| PB 0x0000000715400000| Complete |  0
| 142|0x0000000715600000, 0x0000000715800000, 0x0000000715800000|100%| E|CS|TAMS 0x0000000715600000| PB 0x0000000715600000| Complete |  0
| 143|0x0000000715800000, 0x0000000715a00000, 0x0000000715a00000|100%| E|CS|TAMS 0x0000000715800000| PB 0x0000000715800000| Complete |  0
| 144|0x0000000715a00000, 0x0000000715c00000, 0x0000000715c00000|100%| E|CS|TAMS 0x0000000715a00000| PB 0x0000000715a00000| Complete |  0
| 145|0x0000000715c00000, 0x0000000715e00000, 0x0000000715e00000|100%| E|CS|TAMS 0x0000000715c00000| PB 0x0000000715c00000| Complete |  0
| 146|0x0000000715e00000, 0x0000000716000000, 0x0000000716000000|100%| E|CS|TAMS 0x0000000715e00000| PB 0x0000000715e00000| Complete |  0
| 147|0x0000000716000000, 0x0000000716200000, 0x0000000716200000|100%| E|CS|TAMS 0x0000000716000000| PB 0x0000000716000000| Complete |  0
| 148|0x0000000716200000, 0x0000000716400000, 0x0000000716400000|100%| E|CS|TAMS 0x0000000716200000| PB 0x0000000716200000| Complete |  0
| 149|0x0000000716400000, 0x0000000716600000, 0x0000000716600000|100%| E|CS|TAMS 0x0000000716400000| PB 0x0000000716400000| Complete |  0
| 150|0x0000000716600000, 0x0000000716800000, 0x0000000716800000|100%| E|CS|TAMS 0x0000000716600000| PB 0x0000000716600000| Complete |  0
|2000|0x00000007fda00000, 0x00000007fdc00000, 0x00000007fdc00000|100%| O|  |TAMS 0x00000007fda00000| PB 0x00000007fda00000| Untracked |  0
|2001|0x00000007fdc00000, 0x00000007fde00000, 0x00000007fde00000|100%| O|  |TAMS 0x00000007fdc00000| PB 0x00000007fdc00000| Untracked |  0
|2002|0x00000007fde00000, 0x00000007fe000000, 0x00000007fe000000|100%| E|CS|TAMS 0x00000007fde00000| PB 0x00000007fde00000| Complete |  0
|2003|0x00000007fe000000, 0x00000007fe200000, 0x00000007fe200000|100%| E|CS|TAMS 0x00000007fe000000| PB 0x00000007fe000000| Complete |  0
|2004|0x00000007fe200000, 0x00000007fe400000, 0x00000007fe400000|100%| E|CS|TAMS 0x00000007fe200000| PB 0x00000007fe200000| Complete |  0
|2005|0x00000007fe400000, 0x00000007fe600000, 0x00000007fe600000|100%| O|  |TAMS 0x00000007fe400000| PB 0x00000007fe400000| Untracked |  0
|2006|0x00000007fe600000, 0x00000007fe800000, 0x00000007fe800000|100%| O|  |TAMS 0x00000007fe600000| PB 0x00000007fe600000| Untracked |  0
|2007|0x00000007fe800000, 0x00000007fea00000, 0x00000007fea00000|100%| O|  |TAMS 0x00000007fe800000| PB 0x00000007fe800000| Untracked |  0
|2008|0x00000007fea00000, 0x00000007fec00000, 0x00000007fec00000|100%| O|  |TAMS 0x00000007fea00000| PB 0x00000007fea00000| Untracked |  0
|2009|0x00000007fec00000, 0x00000007fee00000, 0x00000007fee00000|100%| O|  |TAMS 0x00000007fec00000| PB 0x00000007fec00000| Untracked |  0
|2010|0x00000007fee00000, 0x00000007ff000000, 0x00000007ff000000|100%| O|  |TAMS 0x00000007fee00000| PB 0x00000007fee00000| Untracked |  0
|2011|0x00000007ff000000, 0x00000007ff200000, 0x00000007ff200000|100%| E|CS|TAMS 0x00000007ff000000| PB 0x00000007ff000000| Complete |  0
|2012|0x00000007ff200000, 0x00000007ff400000, 0x00000007ff400000|100%| E|CS|TAMS 0x00000007ff200000| PB 0x00000007ff200000| Complete |  0
|2013|0x00000007ff400000, 0x00000007ff600000, 0x00000007ff600000|100%| E|CS|TAMS 0x00000007ff400000| PB 0x00000007ff400000| Complete |  0
|2014|0x00000007ff600000, 0x00000007ff800000, 0x00000007ff800000|100%| E|CS|TAMS 0x00000007ff600000| PB 0x00000007ff600000| Complete |  0
|2015|0x00000007ff800000, 0x00000007ffa00000, 0x00000007ffa00000|100%| O|  |TAMS 0x00000007ff800000| PB 0x00000007ff800000| Untracked |  0
|2016|0x00000007ffa00000, 0x00000007ffc00000, 0x00000007ffc00000|100%| O|  |TAMS 0x00000007ffa00000| PB 0x00000007ffa00000| Untracked |  0
|2017|0x00000007ffc00000, 0x00000007ffe00000, 0x00000007ffe00000|100%| O|  |TAMS 0x00000007ffc00000| PB 0x00000007ffc00000| Untracked |  0
|2018|0x00000007ffe00000, 0x0000000800000000, 0x0000000800000000|100%| E|CS|TAMS 0x00000007ffe00000| PB 0x00000007ffe00000| Complete |  0

Card table byte_map: [0x000001e9208b0000,0x000001e9210a0000] _byte_map_base: 0x000001e91d093000

Marking Bits: (CMBitMap*) 0x000001e90822c190
 Bits: [0x000001e9210a0000, 0x000001e924fb8000)

Polling page: 0x000001e907990000

Metaspace:

Usage:
  Non-class:     30.26 MB used.
      Class:      4.13 MB used.
       Both:     34.39 MB used.

Virtual space:
  Non-class space:       64.00 MB reserved,      30.50 MB ( 48%) committed,  1 nodes.
      Class space:        1.00 GB reserved,       4.31 MB ( <1%) committed,  1 nodes.
             Both:        1.06 GB reserved,      34.81 MB (  3%) committed. 

Chunk freelists:
   Non-Class:  624.00 KB
       Class:  11.72 MB
        Both:  12.33 MB

MaxMetaspaceSize: unlimited
CompressedClassSpaceSize: 1.00 GB
Initial GC threshold: 21.00 MB
Current GC threshold: 57.94 MB
CDS: on
 - commit_granule_bytes: 65536.
 - commit_granule_words: 8192.
 - virtual_space_node_default_size: 8388608.
 - enlarge_chunks_in_place: 1.
UseCompressedClassPointers 1, UseCompactObjectHeaders 0
Narrow klass pointer bits 32, Max shift 3
Narrow klass base: 0x000001e928000000, Narrow klass shift: 0
Encoding Range: [0x000001e928000000 - 0x000001ea28000000), (4294967296 bytes)
Klass Range:    [0x000001e928000000 - 0x000001e969000000), (1090519040 bytes)
Klass ID Range:  [8 - 1090519033) (1090519025)


Internal statistics:

num_allocs_failed_limit: 3.
num_arena_births: 452.
num_arena_deaths: 0.
num_vsnodes_births: 2.
num_vsnodes_deaths: 0.
num_space_committed: 557.
num_space_uncommitted: 0.
num_chunks_returned_to_freelist: 3.
num_chunks_taken_from_freelist: 1437.
num_chunk_merges: 3.
num_chunk_splits: 985.
num_chunks_enlarged: 743.
num_inconsistent_stats: 0.

CodeHeap 'non-profiled nmethods': size=120064Kb used=5401Kb max_used=5906Kb free=114662Kb
 bounds [0x000001e918520000, 0x000001e918af0000, 0x000001e91fa60000]
CodeHeap 'profiled nmethods': size=120000Kb used=13950Kb max_used=15891Kb free=106049Kb
 bounds [0x000001e910a60000, 0x000001e9119f0000, 0x000001e917f90000]
CodeHeap 'non-nmethods': size=5696Kb used=2071Kb max_used=2210Kb free=3624Kb
 bounds [0x000001e917f90000, 0x000001e918200000, 0x000001e918520000]
CodeCache: size=245760Kb, used=21422Kb, max_used=24007Kb, free=224335Kb
 total_blobs=9274, nmethods=8294, adapters=884, full_count=0
Compilation: enabled, stopped_count=0, restarted_count=0

Compilation events (20 events):
Event: 61.018 Thread 0x000001e96d00a860 nmethod 10226 0x000001e9186b1008 code [0x000001e9186b1120, 0x000001e9186b11e8]
Event: 61.018 Thread 0x000001e96d01e5b0 nmethod 10233 0x000001e911330a88 code [0x000001e911330c40, 0x000001e911331948]
Event: 61.018 Thread 0x000001e96d01e5b0 10234       3       com.sun.javafx.sg.prism.NGRegion::getCacheKey (65 bytes)
Event: 61.018 Thread 0x000001e96d01e5b0 nmethod 10234 0x000001e910d21a08 code [0x000001e910d21b60, 0x000001e910d22150]
Event: 68.500 Thread 0x000001e96d00a860 10235       4       java.security.AccessController::doPrivileged (9 bytes)
Event: 68.500 Thread 0x000001e96d00a860 nmethod 10235 0x000001e9186fdf88 code [0x000001e9186fe080, 0x000001e9186fe110]
Event: 69.810 Thread 0x000001e96d00a860 10236       4       com.sun.javafx.scene.KeyboardShortcutsHandler::dispatchCapturingEvent (223 bytes)
Event: 69.812 Thread 0x000001e96d00a860 nmethod 10236 0x000001e918716908 code [0x000001e918716a60, 0x000001e918716cd8]
Event: 69.854 Thread 0x000001e96d00a860 10237       4       javafx.scene.Node$$Lambda/0x000001e929306078::dispatchEvent (10 bytes)
Event: 69.859 Thread 0x000001e96d00a860 nmethod 10237 0x000001e91869e888 code [0x000001e91869ea60, 0x000001e91869f110]
Event: 81.958 Thread 0x000001e96d00a860 10238   !   4       com.sun.javafx.tk.quantum.QuantumToolkit::runWithoutRenderLock (49 bytes)
Event: 81.961 Thread 0x000001e96d00a860 nmethod 10238 0x000001e918767388 code [0x000001e918767500, 0x000001e918767ac8]
Event: 84.821 Thread 0x000001e96d01e5b0 10239       3       com.sun.prism.d3d.D3DTextureData::dispose (34 bytes)
Event: 84.821 Thread 0x000001e96d01e5b0 nmethod 10239 0x000001e910b3cf88 code [0x000001e910b3d0c0, 0x000001e910b3d388]
Event: 84.821 Thread 0x000001e96d01e5b0 10240       3       java.util.LinkedList::unlink (91 bytes)
Event: 84.821 Thread 0x000001e96d01e5b0 nmethod 10240 0x000001e910d72b88 code [0x000001e910d72cc0, 0x000001e910d730b8]
Event: 84.821 Thread 0x000001e96d01e5b0 10241       1       com.sun.javafx.font.PrismFontFile::getStrikeMap (5 bytes)
Event: 84.821 Thread 0x000001e96d01e5b0 nmethod 10241 0x000001e91870d008 code [0x000001e91870d100, 0x000001e91870d1c8]
Event: 84.821 Thread 0x000001e96d01e5b0 10242       1       com.sun.javafx.font.PrismCompositeFontResource::getStrikeMap (5 bytes)
Event: 84.821 Thread 0x000001e96d01e5b0 nmethod 10242 0x000001e918715708 code [0x000001e918715800, 0x000001e9187158c8]

GC Heap History (20 events):
Event: 12.853 GC heap before
{Heap before GC invocations=5 (full 0):
 garbage-first heap   total reserved 4134912K, committed 159744K, used 98304K [0x0000000703a00000, 0x0000000800000000)
  region size 2048K, 5 young (10240K), 4 survivors (8192K)
 Metaspace       used 29047K, committed 29312K, reserved 1114112K
  class space    used 3359K, committed 3456K, reserved 1048576K
}
Event: 12.856 GC heap after
{Heap after GC invocations=6 (full 0):
 garbage-first heap   total reserved 4134912K, committed 159744K, used 100391K [0x0000000703a00000, 0x0000000800000000)
  region size 2048K, 1 young (2048K), 1 survivors (2048K)
 Metaspace       used 29047K, committed 29312K, reserved 1114112K
  class space    used 3359K, committed 3456K, reserved 1048576K
}
Event: 13.043 GC heap before
{Heap before GC invocations=7 (full 0):
 garbage-first heap   total reserved 4134912K, committed 184320K, used 182311K [0x0000000703a00000, 0x0000000800000000)
  region size 2048K, 10 young (20480K), 1 survivors (2048K)
 Metaspace       used 30282K, committed 30528K, reserved 1114112K
  class space    used 3548K, committed 3648K, reserved 1048576K
}
Event: 13.047 GC heap after
{Heap after GC invocations=8 (full 0):
 garbage-first heap   total reserved 4134912K, committed 188416K, used 166679K [0x0000000703a00000, 0x0000000800000000)
  region size 2048K, 2 young (4096K), 2 survivors (4096K)
 Metaspace       used 30282K, committed 30528K, reserved 1114112K
  class space    used 3548K, committed 3648K, reserved 1048576K
}
Event: 13.096 GC heap before
{Heap before GC invocations=8 (full 0):
 garbage-first heap   total reserved 4134912K, committed 188416K, used 183063K [0x0000000703a00000, 0x0000000800000000)
  region size 2048K, 4 young (8192K), 2 survivors (4096K)
 Metaspace       used 30598K, committed 30912K, reserved 1114112K
  class space    used 3596K, committed 3712K, reserved 1048576K
}
Event: 13.099 GC heap after
{Heap after GC invocations=9 (full 0):
 garbage-first heap   total reserved 4134912K, committed 192512K, used 175095K [0x0000000703a00000, 0x0000000800000000)
  region size 2048K, 1 young (2048K), 1 survivors (2048K)
 Metaspace       used 30598K, committed 30912K, reserved 1114112K
  class space    used 3596K, committed 3712K, reserved 1048576K
}
Event: 13.477 GC heap before
{Heap before GC invocations=9 (full 0):
 garbage-first heap   total reserved 4134912K, committed 192512K, used 179191K [0x0000000703a00000, 0x0000000800000000)
  region size 2048K, 4 young (8192K), 1 survivors (2048K)
 Metaspace       used 30959K, committed 31232K, reserved 1114112K
  class space    used 3673K, committed 3776K, reserved 1048576K
}
Event: 13.479 GC heap after
{Heap after GC invocations=10 (full 0):
 garbage-first heap   total reserved 4134912K, committed 192512K, used 175542K [0x0000000703a00000, 0x0000000800000000)
  region size 2048K, 1 young (2048K), 1 survivors (2048K)
 Metaspace       used 30959K, committed 31232K, reserved 1114112K
  class space    used 3673K, committed 3776K, reserved 1048576K
}
Event: 14.856 GC heap before
{Heap before GC invocations=11 (full 0):
 garbage-first heap   total reserved 4134912K, committed 301056K, used 200118K [0x0000000703a00000, 0x0000000800000000)
  region size 2048K, 7 young (14336K), 1 survivors (2048K)
 Metaspace       used 31369K, committed 31744K, reserved 1114112K
  class space    used 3705K, committed 3840K, reserved 1048576K
}
Event: 14.858 GC heap after
{Heap after GC invocations=12 (full 0):
 garbage-first heap   total reserved 4134912K, committed 301056K, used 192767K [0x0000000703a00000, 0x0000000800000000)
  region size 2048K, 1 young (2048K), 1 survivors (2048K)
 Metaspace       used 31369K, committed 31744K, reserved 1114112K
  class space    used 3705K, committed 3840K, reserved 1048576K
}
Event: 16.925 GC heap before
{Heap before GC invocations=12 (full 0):
 garbage-first heap   total reserved 4134912K, committed 301056K, used 258303K [0x0000000703a00000, 0x0000000800000000)
  region size 2048K, 34 young (69632K), 1 survivors (2048K)
 Metaspace       used 33863K, committed 34240K, reserved 1114112K
  class space    used 4115K, committed 4288K, reserved 1048576K
}
Event: 16.937 GC heap after
{Heap after GC invocations=13 (full 0):
 garbage-first heap   total reserved 4134912K, committed 301056K, used 196072K [0x0000000703a00000, 0x0000000800000000)
  region size 2048K, 5 young (10240K), 5 survivors (10240K)
 Metaspace       used 33863K, committed 34240K, reserved 1114112K
  class space    used 4115K, committed 4288K, reserved 1048576K
}
Event: 23.507 GC heap before
{Heap before GC invocations=13 (full 0):
 garbage-first heap   total reserved 4134912K, committed 301056K, used 259560K [0x0000000703a00000, 0x0000000800000000)
  region size 2048K, 37 young (75776K), 5 survivors (10240K)
 Metaspace       used 34548K, committed 34944K, reserved 1114112K
  class space    used 4150K, committed 4352K, reserved 1048576K
}
Event: 23.515 GC heap after
{Heap after GC invocations=14 (full 0):
 garbage-first heap   total reserved 4134912K, committed 301056K, used 203898K [0x0000000703a00000, 0x0000000800000000)
  region size 2048K, 4 young (8192K), 4 survivors (8192K)
 Metaspace       used 34548K, committed 34944K, reserved 1114112K
  class space    used 4150K, committed 4352K, reserved 1048576K
}
Event: 31.298 GC heap before
{Heap before GC invocations=15 (full 0):
 garbage-first heap   total reserved 4134912K, committed 346112K, used 269434K [0x0000000703a00000, 0x0000000800000000)
  region size 2048K, 35 young (71680K), 4 survivors (8192K)
 Metaspace       used 34860K, committed 35200K, reserved 1114112K
  class space    used 4197K, committed 4352K, reserved 1048576K
}
Event: 31.303 GC heap after
{Heap after GC invocations=16 (full 0):
 garbage-first heap   total reserved 4134912K, committed 346112K, used 209504K [0x0000000703a00000, 0x0000000800000000)
  region size 2048K, 2 young (4096K), 2 survivors (4096K)
 Metaspace       used 34860K, committed 35200K, reserved 1114112K
  class space    used 4197K, committed 4352K, reserved 1048576K
}
Event: 42.100 GC heap before
{Heap before GC invocations=16 (full 0):
 garbage-first heap   total reserved 4134912K, committed 346112K, used 299616K [0x0000000703a00000, 0x0000000800000000)
  region size 2048K, 46 young (94208K), 2 survivors (4096K)
 Metaspace       used 35014K, committed 35456K, reserved 1114112K
  class space    used 4206K, committed 4416K, reserved 1048576K
}
Event: 42.105 GC heap after
{Heap after GC invocations=17 (full 0):
 garbage-first heap   total reserved 4134912K, committed 346112K, used 205876K [0x0000000703a00000, 0x0000000800000000)
  region size 2048K, 2 young (4096K), 2 survivors (4096K)
 Metaspace       used 35014K, committed 35456K, reserved 1114112K
  class space    used 4206K, committed 4416K, reserved 1048576K
}
Event: 53.139 GC heap before
{Heap before GC invocations=17 (full 0):
 garbage-first heap   total reserved 4134912K, committed 346112K, used 295988K [0x0000000703a00000, 0x0000000800000000)
  region size 2048K, 46 young (94208K), 2 survivors (4096K)
 Metaspace       used 35181K, committed 35584K, reserved 1114112K
  class space    used 4219K, committed 4416K, reserved 1048576K
}
Event: 53.143 GC heap after
{Heap after GC invocations=18 (full 0):
 garbage-first heap   total reserved 4134912K, committed 346112K, used 206226K [0x0000000703a00000, 0x0000000800000000)
  region size 2048K, 3 young (6144K), 3 survivors (6144K)
 Metaspace       used 35181K, committed 35584K, reserved 1114112K
  class space    used 4219K, committed 4416K, reserved 1048576K
}

Dll operation events (20 events):
Event: 0.419 Loaded shared library C:\Users\ynand\.openjfx\cache\21.0.3+2\amd64\api-ms-win-crt-math-l1-1-0.dll
Event: 0.423 Loaded shared library C:\Users\ynand\.openjfx\cache\21.0.3+2\amd64\api-ms-win-crt-multibyte-l1-1-0.dll
Event: 0.426 Loaded shared library C:\Users\ynand\.openjfx\cache\21.0.3+2\amd64\api-ms-win-crt-private-l1-1-0.dll
Event: 0.429 Loaded shared library C:\Users\ynand\.openjfx\cache\21.0.3+2\amd64\api-ms-win-crt-process-l1-1-0.dll
Event: 0.433 Loaded shared library C:\Users\ynand\.openjfx\cache\21.0.3+2\amd64\api-ms-win-crt-runtime-l1-1-0.dll
Event: 0.436 Loaded shared library C:\Users\ynand\.openjfx\cache\21.0.3+2\amd64\api-ms-win-crt-stdio-l1-1-0.dll
Event: 0.439 Loaded shared library C:\Users\ynand\.openjfx\cache\21.0.3+2\amd64\api-ms-win-crt-string-l1-1-0.dll
Event: 0.442 Loaded shared library C:\Users\ynand\.openjfx\cache\21.0.3+2\amd64\api-ms-win-crt-time-l1-1-0.dll
Event: 0.444 Loaded shared library C:\Users\ynand\.openjfx\cache\21.0.3+2\amd64\api-ms-win-crt-utility-l1-1-0.dll
Event: 0.455 Loaded shared library C:\Users\ynand\.openjfx\cache\21.0.3+2\amd64\ucrtbase.dll
Event: 0.459 Loaded shared library C:\Users\ynand\.openjfx\cache\21.0.3+2\amd64\vcruntime140.dll
Event: 0.461 Loaded shared library C:\Users\ynand\.openjfx\cache\21.0.3+2\amd64\vcruntime140_1.dll
Event: 0.468 Loaded shared library C:\Users\ynand\.openjfx\cache\21.0.3+2\amd64\msvcp140.dll
Event: 0.470 Loaded shared library C:\Users\ynand\.openjfx\cache\21.0.3+2\amd64\msvcp140_1.dll
Event: 0.474 Loaded shared library C:\Users\ynand\.openjfx\cache\21.0.3+2\amd64\msvcp140_2.dll
Event: 0.500 Loaded shared library C:\Users\ynand\.openjfx\cache\21.0.3+2\amd64\prism_d3d.dll
Event: 0.619 Loaded shared library C:\Users\ynand\.openjfx\cache\21.0.3+2\amd64\glass.dll
Event: 0.793 Loaded shared library C:\Program Files\Java\jdk-24\bin\jimage.dll
Event: 1.054 Loaded shared library C:\Users\ynand\.openjfx\cache\21.0.3+2\amd64\javafx_font.dll
Event: 1.304 Loaded shared library C:\Program Files\Java\jdk-24\bin\sunmscapi.dll

Deoptimization events (20 events):
Event: 53.602 Thread 0x000001e96dd0d560 Uncommon trap: trap_request=0xffffffd6 fr.pc=0x000001e918535d2c relative=0x000000000000010c
Event: 53.602 Thread 0x000001e96dd0d560 Uncommon trap: reason=array_check action=maybe_recompile pc=0x000001e918535d2c method=com.sun.javafx.event.EventDispatchChainImpl.insertFirst(Ljavafx/event/EventDispatcher;)V @ 9 c2
Event: 53.602 Thread 0x000001e96dd0d560 DEOPT PACKING pc=0x000001e918535d2c sp=0x0000006460af9810
Event: 53.602 Thread 0x000001e96dd0d560 DEOPT UNPACKING pc=0x000001e9180b3282 sp=0x0000006460af9790 mode 2
Event: 53.605 Thread 0x000001e96dd0d560 Uncommon trap: trap_request=0xffffffd6 fr.pc=0x000001e918535d2c relative=0x000000000000010c
Event: 53.605 Thread 0x000001e96dd0d560 Uncommon trap: reason=array_check action=maybe_recompile pc=0x000001e918535d2c method=com.sun.javafx.event.EventDispatchChainImpl.insertFirst(Ljavafx/event/EventDispatcher;)V @ 9 c2
Event: 53.605 Thread 0x000001e96dd0d560 DEOPT PACKING pc=0x000001e918535d2c sp=0x0000006460af9810
Event: 53.605 Thread 0x000001e96dd0d560 DEOPT UNPACKING pc=0x000001e9180b3282 sp=0x0000006460af9790 mode 2
Event: 84.820 Thread 0x000001e96dbd7690 Uncommon trap: trap_request=0xffffff4d fr.pc=0x000001e91897ac88 relative=0x0000000000000488
Event: 84.820 Thread 0x000001e96dbd7690 Uncommon trap: reason=unstable_if action=reinterpret pc=0x000001e91897ac88 method=java.util.concurrent.locks.AbstractQueuedSynchronizer$ConditionNode.isReleasable()Z @ 14 c2
Event: 84.820 Thread 0x000001e96dbd7690 DEOPT PACKING pc=0x000001e91897ac88 sp=0x0000006460eff290
Event: 84.820 Thread 0x000001e96dbd7690 DEOPT UNPACKING pc=0x000001e9180b3282 sp=0x0000006460eff098 mode 2
Event: 84.820 Thread 0x000001e96dbd7690 Uncommon trap: trap_request=0xffffff4d fr.pc=0x000001e918745254 relative=0x0000000000000054
Event: 84.820 Thread 0x000001e96dbd7690 Uncommon trap: reason=unstable_if action=reinterpret pc=0x000001e918745254 method=java.lang.Thread.getAndClearInterrupt()Z @ 6 c2
Event: 84.820 Thread 0x000001e96dbd7690 DEOPT PACKING pc=0x000001e918745254 sp=0x0000006460eff220
Event: 84.820 Thread 0x000001e96dbd7690 DEOPT UNPACKING pc=0x000001e9180b3282 sp=0x0000006460eff158 mode 2
Event: 84.820 Thread 0x000001e96dbd7690 Uncommon trap: trap_request=0xffffff4d fr.pc=0x000001e918a94b28 relative=0x0000000000000a48
Event: 84.820 Thread 0x000001e96dbd7690 Uncommon trap: reason=unstable_if action=reinterpret pc=0x000001e918a94b28 method=java.util.concurrent.locks.AbstractQueuedSynchronizer.acquire(Ljava/util/concurrent/locks/AbstractQueuedSynchronizer$Node;IZZZJ)I @ 155 c2
Event: 84.820 Thread 0x000001e96dbd7690 DEOPT PACKING pc=0x000001e918a94b28 sp=0x0000006460eff140
Event: 84.820 Thread 0x000001e96dbd7690 DEOPT UNPACKING pc=0x000001e9180b3282 sp=0x0000006460eff098 mode 2

Classes loaded (20 events):
Event: 26.077 Loading class java/lang/invoke/BoundMethodHandle$Species_LLLLL
Event: 26.077 Loading class java/lang/invoke/BoundMethodHandle$Species_LLLLL done
Event: 30.247 Loading class java/lang/invoke/MethodHandleImpl$CountingWrapper$1
Event: 30.247 Loading class java/lang/invoke/MethodHandleImpl$CountingWrapper$1 done
Event: 47.987 Loading class sun/text/resources/BreakIteratorInfo
Event: 47.987 Loading class sun/text/resources/BreakIteratorInfo done
Event: 47.987 Loading class sun/text/resources/BreakIteratorResources
Event: 47.987 Loading class sun/util/resources/BreakIteratorResourceBundle
Event: 47.987 Loading class sun/util/resources/BreakIteratorResourceBundle done
Event: 47.987 Loading class sun/text/resources/BreakIteratorResources done
Event: 47.988 Loading class sun/text/resources/BreakIteratorResources_en
Event: 47.988 Loading class sun/text/resources/BreakIteratorResources_en done
Event: 47.988 Loading class sun/text/RuleBasedBreakIterator
Event: 47.988 Loading class sun/text/RuleBasedBreakIterator done
Event: 47.990 Loading class sun/text/CompactByteArray
Event: 47.990 Loading class sun/text/CompactByteArray done
Event: 47.990 Loading class sun/text/SupplementaryCharacterData
Event: 47.990 Loading class sun/text/SupplementaryCharacterData done
Event: 84.818 Loading class jdk/internal/misc/Signal$1
Event: 84.819 Loading class jdk/internal/misc/Signal$1 done

Classes unloaded (0 events):
No events

Classes redefined (0 events):
No events

Internal exceptions (20 events):
Event: 26.071 Thread 0x000001e96dd0d560 Exception <a 'java/lang/NoSuchMethodError'{0x0000000716157a38}: 'int java.lang.invoke.DirectMethodHandle$Holder.invokeStaticInit(java.lang.Object, int, int)'> (0x0000000716157a38) 
thrown [s\open\src\hotspot\share\interpreter\linkResolver.cpp, line 805]
Event: 26.072 Thread 0x000001e96dd0d560 Exception <a 'java/lang/NoSuchMethodError'{0x0000000716168708}: 'int java.lang.invoke.DirectMethodHandle$Holder.invokeStaticInit(java.lang.Object, long, long)'> (0x0000000716168708) 
thrown [s\open\src\hotspot\share\interpreter\linkResolver.cpp, line 805]
Event: 26.072 Thread 0x000001e96dd0d560 Exception <a 'java/lang/NoSuchMethodError'{0x0000000716178e50}: 'int java.lang.invoke.DirectMethodHandle$Holder.invokeStaticInit(java.lang.Object, float, float)'> (0x0000000716178e50) 
thrown [s\open\src\hotspot\share\interpreter\linkResolver.cpp, line 805]
Event: 26.072 Thread 0x000001e96dd0d560 Exception <a 'java/lang/NoSuchMethodError'{0x0000000716189590}: 'int java.lang.invoke.DirectMethodHandle$Holder.invokeStaticInit(java.lang.Object, double, double)'> (0x0000000716189590) 
thrown [s\open\src\hotspot\share\interpreter\linkResolver.cpp, line 805]
Event: 26.073 Thread 0x000001e96dd0d560 Exception <a 'java/lang/NoSuchMethodError'{0x00000007161929c8}: 'int java.lang.invoke.DirectMethodHandle$Holder.invokeStatic(java.lang.Object, long)'> (0x00000007161929c8) 
thrown [s\open\src\hotspot\share\interpreter\linkResolver.cpp, line 805]
Event: 26.073 Thread 0x000001e96dd0d560 Exception <a 'java/lang/NoSuchMethodError'{0x00000007161abd08}: 'java.lang.Object java.lang.invoke.DirectMethodHandle$Holder.invokeStatic(java.lang.Object, long)'> (0x00000007161abd08) 
thrown [s\open\src\hotspot\share\interpreter\linkResolver.cpp, line 805]
Event: 26.073 Thread 0x000001e96dd0d560 Exception <a 'java/lang/NoSuchMethodError'{0x00000007161b46c0}: 'java.lang.Object java.lang.invoke.DirectMethodHandle$Holder.invokeStatic(java.lang.Object, float)'> (0x00000007161b46c0) 
thrown [s\open\src\hotspot\share\interpreter\linkResolver.cpp, line 805]
Event: 26.075 Thread 0x000001e96dd0d560 Exception <a 'java/lang/NoSuchMethodError'{0x00000007161f4d78}: 'java.lang.Object java.lang.invoke.DirectMethodHandle$Holder.invokeStatic(java.lang.Object, int, java.lang.Object, java.lang.Object)'> (0x00000007161f4d78) 
thrown [s\open\src\hotspot\share\interpreter\linkResolver.cpp, line 805]
Event: 26.075 Thread 0x000001e96dd0d560 Exception <a 'java/lang/NoSuchMethodError'{0x00000007161fd700}: 'java.lang.Object java.lang.invoke.DelegatingMethodHandle$Holder.delegate(java.lang.Object, int, java.lang.Object, java.lang.Object)'> (0x00000007161fd700) 
thrown [s\open\src\hotspot\share\interpreter\linkResolver.cpp, line 805]
Event: 26.078 Thread 0x000001e96dd0d560 Exception <a 'java/lang/NoSuchMethodError'{0x0000000715e31118}: 'java.lang.Object java.lang.invoke.DirectMethodHandle$Holder.invokeStatic(java.lang.Object, java.lang.Object, java.lang.Object, java.lang.Object, java.lang.Object, java.lang.Object, java.lang.Object, java.lang.Object)'> (0x0000000715e31118) 
thrown [s\open\src\hotspot\share\interpreter\linkResolver.cpp, line 805]
Event: 26.079 Thread 0x000001e96dd0d560 Exception <a 'java/lang/NoSuchMethodError'{0x0000000715e44bb0}: 'int java.lang.invoke.Invokers$Holder.linkToTargetMethod(java.lang.Object, java.lang.Object, java.lang.Object)'> (0x0000000715e44bb0) 
thrown [s\open\src\hotspot\share\interpreter\linkResolver.cpp, line 805]
Event: 26.082 Thread 0x000001e96dbd7690 Implicit null exception at 0x000001e91873afce to 0x000001e91873b040
Event: 31.306 Thread 0x000001e96dbd7690 Implicit null exception at 0x000001e9189f75d4 to 0x000001e9189f7748
Event: 31.306 Thread 0x000001e96dbd7690 Implicit null exception at 0x000001e91871523a to 0x000001e9187152cc
Event: 31.306 Thread 0x000001e96dbd7690 Implicit null exception at 0x000001e9188819ea to 0x000001e918881a34
Event: 32.164 Thread 0x000001e96dd0d560 Exception <a 'java/lang/NoSuchMethodError'{0x00000007ff241e48}: 'java.lang.Object java.lang.invoke.DirectMethodHandle$Holder.newInvokeSpecial(java.lang.Object, java.lang.Object, int, int, int, int, int, java.lang.Object)'> (0x00000007ff241e48) 
thrown [s\open\src\hotspot\share\interpreter\linkResolver.cpp, line 805]
Event: 32.165 Thread 0x000001e96dd0d560 Exception <a 'java/lang/NoSuchMethodError'{0x00000007ff26ab98}: 'java.lang.Object java.lang.invoke.DirectMethodHandle$Holder.newInvokeSpecial(java.lang.Object, java.lang.Object, java.lang.Object, int, int, int, int, int)'> (0x00000007ff26ab98) 
thrown [s\open\src\hotspot\share\interpreter\linkResolver.cpp, line 805]
Event: 32.165 Thread 0x000001e96dd0d560 Exception <a 'java/lang/NoSuchMethodError'{0x00000007ff27b6b0}: 'java.lang.Object java.lang.invoke.Invokers$Holder.linkToTargetMethod(java.lang.Object, java.lang.Object, int, int, int, int, int, java.lang.Object)'> (0x00000007ff27b6b0) 
thrown [s\open\src\hotspot\share\interpreter\linkResolver.cpp, line 805]
Event: 42.754 Thread 0x000001e96dd0d560 Exception <a 'java/lang/NoSuchMethodError'{0x00000007ff7e1458}: 'java.lang.Object java.lang.invoke.DirectMethodHandle$Holder.newInvokeSpecial(java.lang.Object, java.lang.Object, java.lang.Object, double, double, double, double, int, int, int, int, int, int, int, int, int)'> (0x00000007ff7e1458) 
thrown [s\open\src\hotspot\share\interpreter\linkResolver.cpp, line 805]
Event: 52.696 Thread 0x000001e96dd0d560 Exception <a 'java/lang/NoSuchMethodError'{0x00000007127ee5d8}: 'java.lang.Object java.lang.invoke.DirectMethodHandle$Holder.newInvokeSpecial(java.lang.Object, java.lang.Object, java.lang.Object, java.lang.Object, java.lang.Object, java.lang.Object, java.lang.Object, java.lang.Object)'> (0x00000007127ee5d8) 
thrown [s\open\src\hotspot\share\interpreter\linkResolver.cpp, line 805]

VM Operations (20 events):
Event: 24.737 Executing VM operation: HandshakeAllThreads (Deoptimize) done
Event: 26.030 Executing VM operation: HandshakeAllThreads (Deoptimize)
Event: 26.030 Executing VM operation: HandshakeAllThreads (Deoptimize) done
Event: 31.298 Executing VM operation: G1CollectForAllocation (G1 Evacuation Pause)
Event: 31.303 Executing VM operation: G1CollectForAllocation (G1 Evacuation Pause) done
Event: 42.100 Executing VM operation: G1CollectForAllocation (G1 Evacuation Pause)
Event: 42.105 Executing VM operation: G1CollectForAllocation (G1 Evacuation Pause) done
Event: 47.989 Executing VM operation: HandshakeAllThreads (Deoptimize)
Event: 47.990 Executing VM operation: HandshakeAllThreads (Deoptimize) done
Event: 53.139 Executing VM operation: G1CollectForAllocation (G1 Evacuation Pause)
Event: 53.143 Executing VM operation: G1CollectForAllocation (G1 Evacuation Pause) done
Event: 53.161 Executing VM operation: G1PauseRemark
Event: 53.165 Executing VM operation: G1PauseRemark done
Event: 53.173 Executing VM operation: G1PauseCleanup
Event: 53.173 Executing VM operation: G1PauseCleanup done
Event: 60.144 Executing VM operation: HandshakeAllThreads (HandshakeForDeflation)
Event: 60.144 Executing VM operation: HandshakeAllThreads (HandshakeForDeflation) done
Event: 60.144 Executing VM operation: RendezvousGCThreads
Event: 60.144 Executing VM operation: RendezvousGCThreads done
Event: 84.863 Executing VM operation: Exit

Memory protections (0 events):
No events

Nmethod flushes (20 events):
Event: 53.164 Thread 0x000001e92756b190 flushing  nmethod 0x000001e9113bbd88
Event: 53.164 Thread 0x000001e92756b190 flushing  nmethod 0x000001e9113bc408
Event: 53.164 Thread 0x000001e92756b190 flushing  nmethod 0x000001e911481188
Event: 53.164 Thread 0x000001e92756b190 flushing  nmethod 0x000001e911552388
Event: 53.164 Thread 0x000001e92756b190 flushing  nmethod 0x000001e911656188
Event: 53.164 Thread 0x000001e92756b190 flushing  nmethod 0x000001e9116de208
Event: 53.164 Thread 0x000001e92756b190 flushing  nmethod 0x000001e911758488
Event: 53.164 Thread 0x000001e92756b190 flushing  nmethod 0x000001e911759188
Event: 53.164 Thread 0x000001e92756b190 flushing  nmethod 0x000001e91175ed08
Event: 53.164 Thread 0x000001e92756b190 flushing  nmethod 0x000001e91175f088
Event: 53.164 Thread 0x000001e92756b190 flushing  nmethod 0x000001e91175f808
Event: 53.164 Thread 0x000001e92756b190 flushing  nmethod 0x000001e911761a88
Event: 53.164 Thread 0x000001e92756b190 flushing  nmethod 0x000001e911764408
Event: 53.164 Thread 0x000001e92756b190 flushing  nmethod 0x000001e911766208
Event: 53.164 Thread 0x000001e92756b190 flushing  nmethod 0x000001e911766588
Event: 53.164 Thread 0x000001e92756b190 flushing  nmethod 0x000001e911786c08
Event: 53.164 Thread 0x000001e92756b190 flushing  nmethod 0x000001e911789d88
Event: 53.164 Thread 0x000001e92756b190 flushing  nmethod 0x000001e91178b708
Event: 53.164 Thread 0x000001e92756b190 flushing  nmethod 0x000001e9117fa688
Event: 53.164 Thread 0x000001e92756b190 flushing  nmethod 0x000001e911886288

Events (20 events):
Event: 20.495 Thread 0x000001e96d00a860 Thread added: 0x000001e96e76eec0
Event: 21.349 Thread 0x000001e96e76eec0 Thread exited: 0x000001e96e76eec0
Event: 24.756 Thread 0x000001e96d01e5b0 Thread added: 0x000001e96e76d810
Event: 24.885 Thread 0x000001e96d01e5b0 Thread added: 0x000001e96e771490
Event: 25.128 Thread 0x000001e96e771490 Thread exited: 0x000001e96e771490
Event: 25.348 Thread 0x000001e96e76d810 Thread exited: 0x000001e96e76d810
Event: 26.076 Thread 0x000001e96d01e5b0 Thread added: 0x000001e96e76d810
Event: 26.610 Thread 0x000001e96e76d810 Thread exited: 0x000001e96e76d810
Event: 31.614 Thread 0x000001e96e95c7b0 Thread exited: 0x000001e96e95c7b0
Event: 32.162 Thread 0x000001e96d01e5b0 Thread added: 0x000001e96e771490
Event: 32.585 Thread 0x000001e96e771490 Thread exited: 0x000001e96e771490
Event: 84.819 Thread 0x000001e96d003350 Thread added: 0x000001e96d207c30
Event: 84.819 Thread 0x000001e96d207c30 Thread added: 0x000001e96d20a0c0
Event: 84.819 Thread 0x000001e96d207c30 Thread added: 0x000001e96d20a810
Event: 84.819 Thread 0x000001e96d207c30 Thread added: 0x000001e96d20b6b0
Event: 84.820 Thread 0x000001e96d20a810 Thread exited: 0x000001e96d20a810
Event: 84.820 Thread 0x000001e96d20a0c0 Thread exited: 0x000001e96d20a0c0
Event: 84.839 Thread 0x000001e96dbd7690 Thread exited: 0x000001e96dbd7690
Event: 84.863 Thread 0x000001e96d20b6b0 Thread exited: 0x000001e96d20b6b0
Event: 84.863 Thread 0x000001e96d207c30 Before exit entered


Dynamic libraries:
0x00007ff76cfe0000 - 0x00007ff76cff0000 	C:\Program Files\Java\jdk-24\bin\java.exe
0x00007ff8c4f00000 - 0x00007ff8c5167000 	C:\WINDOWS\SYSTEM32\ntdll.dll
0x00007ff8c3290000 - 0x00007ff8c3359000 	C:\WINDOWS\System32\KERNEL32.DLL
0x00007ff8c2540000 - 0x00007ff8c2934000 	C:\WINDOWS\System32\KERNELBASE.dll
0x00007ff8c2940000 - 0x00007ff8c2a8b000 	C:\WINDOWS\System32\ucrtbase.dll
0x00007ff8a0ce0000 - 0x00007ff8a0cfb000 	C:\Program Files\Java\jdk-24\bin\VCRUNTIME140.dll
0x00007ff888530000 - 0x00007ff888546000 	C:\Program Files\Java\jdk-24\bin\jli.dll
0x00007ff8c2e70000 - 0x00007ff8c3035000 	C:\WINDOWS\System32\USER32.dll
0x00007ff8c1a00000 - 0x00007ff8c1a27000 	C:\WINDOWS\System32\win32u.dll
0x00007ff89e2b0000 - 0x00007ff89e543000 	C:\WINDOWS\WinSxS\amd64_microsoft.windows.common-controls_6595b64144ccf1df_6.0.26100.8115_none_3e075c82e3354f9c\COMCTL32.dll
0x00007ff8c4530000 - 0x00007ff8c45d9000 	C:\WINDOWS\System32\msvcrt.dll
0x00007ff8c45e0000 - 0x00007ff8c460b000 	C:\WINDOWS\System32\GDI32.dll
0x00007ff8c2410000 - 0x00007ff8c253b000 	C:\WINDOWS\System32\gdi32full.dll
0x00007ff8c2360000 - 0x00007ff8c2403000 	C:\WINDOWS\System32\msvcp_win.dll
0x00007ff8c2c90000 - 0x00007ff8c2cc2000 	C:\WINDOWS\System32\IMM32.DLL
0x00007ff8b6ba0000 - 0x00007ff8b6bac000 	C:\Program Files\Java\jdk-24\bin\vcruntime140_1.dll
0x00007ff8733d0000 - 0x00007ff87345e000 	C:\Program Files\Java\jdk-24\bin\msvcp140.dll
0x00007ff8143a0000 - 0x00007ff815141000 	C:\Program Files\Java\jdk-24\bin\server\jvm.dll
0x00007ff8c31d0000 - 0x00007ff8c3286000 	C:\WINDOWS\System32\ADVAPI32.dll
0x00007ff8c4480000 - 0x00007ff8c4527000 	C:\WINDOWS\System32\sechost.dll
0x00007ff8c3360000 - 0x00007ff8c3478000 	C:\WINDOWS\System32\RPCRT4.dll
0x00007ff8c3e30000 - 0x00007ff8c3eb0000 	C:\WINDOWS\System32\WS2_32.dll
0x00007ff8c03b0000 - 0x00007ff8c040e000 	C:\WINDOWS\SYSTEM32\POWRPROF.dll
0x00007ff8b81a0000 - 0x00007ff8b81ab000 	C:\WINDOWS\SYSTEM32\VERSION.dll
0x00007ff8af140000 - 0x00007ff8af176000 	C:\WINDOWS\SYSTEM32\WINMM.dll
0x00007ff8c0390000 - 0x00007ff8c03a4000 	C:\WINDOWS\SYSTEM32\UMPDC.dll
0x00007ff8c0680000 - 0x00007ff8c069b000 	C:\WINDOWS\SYSTEM32\kernel.appcore.dll
0x00007ff8b4fe0000 - 0x00007ff8b4fea000 	C:\Program Files\Java\jdk-24\bin\jimage.dll
0x00007ff8bf270000 - 0x00007ff8bf4b2000 	C:\WINDOWS\SYSTEM32\DBGHELP.DLL
0x00007ff8c4870000 - 0x00007ff8c4bf2000 	C:\WINDOWS\System32\combase.dll
0x00007ff8c3ec0000 - 0x00007ff8c3f98000 	C:\WINDOWS\System32\OLEAUT32.dll
0x00007ff89eb30000 - 0x00007ff89eb6b000 	C:\WINDOWS\SYSTEM32\dbgcore.DLL
0x00007ff8c1950000 - 0x00007ff8c19f5000 	C:\WINDOWS\System32\bcryptPrimitives.dll
0x00007ff8afcf0000 - 0x00007ff8afcff000 	C:\Program Files\Java\jdk-24\bin\instrument.dll
0x00007ff887950000 - 0x00007ff88796e000 	C:\Program Files\Java\jdk-24\bin\java.dll
0x00007ff8c3480000 - 0x00007ff8c3617000 	C:\WINDOWS\System32\ole32.dll
0x00007ff8c3650000 - 0x00007ff8c3db7000 	C:\WINDOWS\System32\SHELL32.dll
0x00007ff8c2a90000 - 0x00007ff8c2bfa000 	C:\WINDOWS\System32\wintypes.dll
0x00007ff8c1af0000 - 0x00007ff8c2358000 	C:\WINDOWS\System32\windows.storage.dll
0x00007ff8c30c0000 - 0x00007ff8c31b8000 	C:\WINDOWS\System32\SHCORE.dll
0x00007ff8c3dc0000 - 0x00007ff8c3e26000 	C:\WINDOWS\System32\shlwapi.dll
0x00007ff8c16f0000 - 0x00007ff8c1719000 	C:\WINDOWS\SYSTEM32\profapi.dll
0x00007ff834500000 - 0x00007ff8345d7000 	C:\Program Files\Java\jdk-24\bin\jsvml.dll
0x00007ff89df70000 - 0x00007ff89df80000 	C:\Program Files\Java\jdk-24\bin\net.dll
0x00007ff8c0bf0000 - 0x00007ff8c0c5c000 	C:\WINDOWS\system32\mswsock.dll
0x00007ff87bd20000 - 0x00007ff87bd36000 	C:\Program Files\Java\jdk-24\bin\nio.dll
0x00007ff87bb30000 - 0x00007ff87bb47000 	C:\Program Files\Java\jdk-24\bin\zip.dll
0x000001e908160000 - 0x000001e908163000 	C:\Users\ynand\.openjfx\cache\21.0.3+2\amd64\api-ms-win-core-console-l1-1-0.dll
0x000001e908170000 - 0x000001e908173000 	C:\Users\ynand\.openjfx\cache\21.0.3+2\amd64\api-ms-win-core-console-l1-2-0.dll
0x000001e927d10000 - 0x000001e927d13000 	C:\Users\ynand\.openjfx\cache\21.0.3+2\amd64\api-ms-win-core-datetime-l1-1-0.dll
0x000001e927d20000 - 0x000001e927d23000 	C:\Users\ynand\.openjfx\cache\21.0.3+2\amd64\api-ms-win-core-debug-l1-1-0.dll
0x000001e927d30000 - 0x000001e927d33000 	C:\Users\ynand\.openjfx\cache\21.0.3+2\amd64\api-ms-win-core-errorhandling-l1-1-0.dll
0x000001e927d40000 - 0x000001e927d44000 	C:\Users\ynand\.openjfx\cache\21.0.3+2\amd64\api-ms-win-core-file-l1-1-0.dll
0x000001e927d50000 - 0x000001e927d53000 	C:\Users\ynand\.openjfx\cache\21.0.3+2\amd64\api-ms-win-core-file-l1-2-0.dll
0x000001e927d60000 - 0x000001e927d63000 	C:\Users\ynand\.openjfx\cache\21.0.3+2\amd64\api-ms-win-core-file-l2-1-0.dll
0x000001e927d70000 - 0x000001e927d73000 	C:\Users\ynand\.openjfx\cache\21.0.3+2\amd64\api-ms-win-core-handle-l1-1-0.dll
0x000001e927d80000 - 0x000001e927d83000 	C:\Users\ynand\.openjfx\cache\21.0.3+2\amd64\api-ms-win-core-heap-l1-1-0.dll
0x000001e927d90000 - 0x000001e927d93000 	C:\Users\ynand\.openjfx\cache\21.0.3+2\amd64\api-ms-win-core-interlocked-l1-1-0.dll
0x000001e927da0000 - 0x000001e927da3000 	C:\Users\ynand\.openjfx\cache\21.0.3+2\amd64\api-ms-win-core-libraryloader-l1-1-0.dll
0x000001e927db0000 - 0x000001e927db3000 	C:\Users\ynand\.openjfx\cache\21.0.3+2\amd64\api-ms-win-core-localization-l1-2-0.dll
0x000001e927dc0000 - 0x000001e927dc3000 	C:\Users\ynand\.openjfx\cache\21.0.3+2\amd64\api-ms-win-core-memory-l1-1-0.dll
0x000001e927dd0000 - 0x000001e927dd3000 	C:\Users\ynand\.openjfx\cache\21.0.3+2\amd64\api-ms-win-core-namedpipe-l1-1-0.dll
0x000001e927de0000 - 0x000001e927de3000 	C:\Users\ynand\.openjfx\cache\21.0.3+2\amd64\api-ms-win-core-processenvironment-l1-1-0.dll
0x000001e927df0000 - 0x000001e927df3000 	C:\Users\ynand\.openjfx\cache\21.0.3+2\amd64\api-ms-win-core-processthreads-l1-1-0.dll
0x000001e927e00000 - 0x000001e927e03000 	C:\Users\ynand\.openjfx\cache\21.0.3+2\amd64\api-ms-win-core-processthreads-l1-1-1.dll
0x000001e927e10000 - 0x000001e927e13000 	C:\Users\ynand\.openjfx\cache\21.0.3+2\amd64\api-ms-win-core-profile-l1-1-0.dll
0x000001e927e20000 - 0x000001e927e23000 	C:\Users\ynand\.openjfx\cache\21.0.3+2\amd64\api-ms-win-core-rtlsupport-l1-1-0.dll
0x000001e927e30000 - 0x000001e927e33000 	C:\Users\ynand\.openjfx\cache\21.0.3+2\amd64\api-ms-win-core-string-l1-1-0.dll
0x000001e927e40000 - 0x000001e927e43000 	C:\Users\ynand\.openjfx\cache\21.0.3+2\amd64\api-ms-win-core-synch-l1-1-0.dll
0x000001e927e50000 - 0x000001e927e53000 	C:\Users\ynand\.openjfx\cache\21.0.3+2\amd64\api-ms-win-core-synch-l1-2-0.dll
0x000001e927e60000 - 0x000001e927e63000 	C:\Users\ynand\.openjfx\cache\21.0.3+2\amd64\api-ms-win-core-sysinfo-l1-1-0.dll
0x000001e927e70000 - 0x000001e927e73000 	C:\Users\ynand\.openjfx\cache\21.0.3+2\amd64\api-ms-win-core-timezone-l1-1-0.dll
0x000001e927e80000 - 0x000001e927e83000 	C:\Users\ynand\.openjfx\cache\21.0.3+2\amd64\api-ms-win-core-util-l1-1-0.dll
0x000001e927e90000 - 0x000001e927e93000 	C:\Users\ynand\.openjfx\cache\21.0.3+2\amd64\api-ms-win-crt-conio-l1-1-0.dll
0x000001e927ea0000 - 0x000001e927ea4000 	C:\Users\ynand\.openjfx\cache\21.0.3+2\amd64\api-ms-win-crt-convert-l1-1-0.dll
0x000001e927eb0000 - 0x000001e927eb3000 	C:\Users\ynand\.openjfx\cache\21.0.3+2\amd64\api-ms-win-crt-environment-l1-1-0.dll
0x000001e927ec0000 - 0x000001e927ec3000 	C:\Users\ynand\.openjfx\cache\21.0.3+2\amd64\api-ms-win-crt-filesystem-l1-1-0.dll
0x000001e927ed0000 - 0x000001e927ed3000 	C:\Users\ynand\.openjfx\cache\21.0.3+2\amd64\api-ms-win-crt-heap-l1-1-0.dll
0x000001e927ee0000 - 0x000001e927ee3000 	C:\Users\ynand\.openjfx\cache\21.0.3+2\amd64\api-ms-win-crt-locale-l1-1-0.dll
0x000001e927ef0000 - 0x000001e927ef5000 	C:\Users\ynand\.openjfx\cache\21.0.3+2\amd64\api-ms-win-crt-math-l1-1-0.dll
0x000001e927f00000 - 0x000001e927f05000 	C:\Users\ynand\.openjfx\cache\21.0.3+2\amd64\api-ms-win-crt-multibyte-l1-1-0.dll
0x000001e927f10000 - 0x000001e927f20000 	C:\Users\ynand\.openjfx\cache\21.0.3+2\amd64\api-ms-win-crt-private-l1-1-0.dll
0x000001e927f20000 - 0x000001e927f23000 	C:\Users\ynand\.openjfx\cache\21.0.3+2\amd64\api-ms-win-crt-process-l1-1-0.dll
0x000001e927f30000 - 0x000001e927f34000 	C:\Users\ynand\.openjfx\cache\21.0.3+2\amd64\api-ms-win-crt-runtime-l1-1-0.dll
0x000001e927f40000 - 0x000001e927f44000 	C:\Users\ynand\.openjfx\cache\21.0.3+2\amd64\api-ms-win-crt-stdio-l1-1-0.dll
0x000001e927f50000 - 0x000001e927f54000 	C:\Users\ynand\.openjfx\cache\21.0.3+2\amd64\api-ms-win-crt-string-l1-1-0.dll
0x000001e927f60000 - 0x000001e927f63000 	C:\Users\ynand\.openjfx\cache\21.0.3+2\amd64\api-ms-win-crt-time-l1-1-0.dll
0x000001e927f70000 - 0x000001e927f73000 	C:\Users\ynand\.openjfx\cache\21.0.3+2\amd64\api-ms-win-crt-utility-l1-1-0.dll
0x00007ff82b280000 - 0x00007ff82b37c000 	C:\Users\ynand\.openjfx\cache\21.0.3+2\amd64\ucrtbase.dll
0x00007ff87bb10000 - 0x00007ff87bb2b000 	C:\Users\ynand\.openjfx\cache\21.0.3+2\amd64\vcruntime140.dll
0x00007ff87d500000 - 0x00007ff87d50c000 	C:\Users\ynand\.openjfx\cache\21.0.3+2\amd64\vcruntime140_1.dll
0x00007ff840ca0000 - 0x00007ff840d2e000 	C:\Users\ynand\.openjfx\cache\21.0.3+2\amd64\msvcp140.dll
0x00007ff87bb00000 - 0x00007ff87bb09000 	C:\Users\ynand\.openjfx\cache\21.0.3+2\amd64\msvcp140_1.dll
0x00007ff8686f0000 - 0x00007ff868731000 	C:\Users\ynand\.openjfx\cache\21.0.3+2\amd64\msvcp140_2.dll
0x00007ff87bad0000 - 0x00007ff87bb00000 	C:\Users\ynand\.openjfx\cache\21.0.3+2\amd64\prism_d3d.dll
0x00007ff825f80000 - 0x00007ff826132000 	C:\WINDOWS\system32\d3d9.dll
0x00007ff8bc7a0000 - 0x00007ff8bc7cf000 	C:\WINDOWS\SYSTEM32\dwmapi.dll
0x00007ff8bf130000 - 0x00007ff8bf173000 	C:\WINDOWS\SYSTEM32\dxcore.dll
0x00007ff8bc4e0000 - 0x00007ff8bc589000 	C:\WINDOWS\system32\uxtheme.dll
0x00007ff8c0f40000 - 0x00007ff8c0f53000 	C:\WINDOWS\SYSTEM32\msasn1.dll
0x00007ff8b1530000 - 0x00007ff8b156b000 	C:\WINDOWS\SYSTEM32\cryptnet.dll
0x00007ff8c17d0000 - 0x00007ff8c1947000 	C:\WINDOWS\System32\CRYPT32.dll
0x00007ff8c0ef0000 - 0x00007ff8c0efc000 	C:\WINDOWS\SYSTEM32\cryptbase.dll
0x00007ff8c0fb0000 - 0x00007ff8c1018000 	C:\WINDOWS\SYSTEM32\wldp.dll
0x00007ff8b11c0000 - 0x00007ff8b1338000 	C:\WINDOWS\SYSTEM32\drvstore.dll
0x00007ff8c1430000 - 0x00007ff8c145d000 	C:\WINDOWS\SYSTEM32\devobj.dll
0x00007ff8c1460000 - 0x00007ff8c14b1000 	C:\WINDOWS\SYSTEM32\cfgmgr32.dll
0x00007ff8c2c00000 - 0x00007ff8c2c82000 	C:\WINDOWS\System32\wintrust.dll
0x00007ff8c3620000 - 0x00007ff8c3640000 	C:\WINDOWS\System32\imagehlp.dll
0x00007ff8c0ed0000 - 0x00007ff8c0eeb000 	C:\WINDOWS\SYSTEM32\CRYPTSP.dll
0x00007ff8c05e0000 - 0x00007ff8c0619000 	C:\WINDOWS\system32\rsaenh.dll
0x00007ff8c16c0000 - 0x00007ff8c16ea000 	C:\WINDOWS\SYSTEM32\bcrypt.dll
0x00007ff8ba0a0000 - 0x00007ff8ba101000 	C:\WINDOWS\SYSTEM32\directxdatabasehelper.dll
0x00007ff85f9b0000 - 0x00007ff85f9f2000 	C:\Users\ynand\.openjfx\cache\21.0.3+2\amd64\glass.dll
0x00007ff8c4610000 - 0x00007ff8c46ff000 	C:\WINDOWS\System32\COMDLG32.dll
0x00007ff8c4710000 - 0x00007ff8c486c000 	C:\WINDOWS\System32\MSCTF.dll
0x00007ff8a0510000 - 0x00007ff8a0657000 	C:\WINDOWS\system32\nvspcap64.dll
0x00007ff8c07a0000 - 0x00007ff8c07d6000 	C:\WINDOWS\SYSTEM32\ntmarta.dll
0x00007ff8c0c60000 - 0x00007ff8c0c90000 	C:\WINDOWS\SYSTEM32\gpapi.dll
0x00007ff83d510000 - 0x00007ff83d6c7000 	C:\WINDOWS\System32\DriverStore\FileRepository\nvaci.inf_amd64_70b69a38bb9a8a3c\nvppex.dll
0x00007ff87a580000 - 0x00007ff87a595000 	C:\Users\ynand\.openjfx\cache\21.0.3+2\amd64\javafx_font.dll
0x00007ff8badc0000 - 0x00007ff8bb027000 	C:\WINDOWS\SYSTEM32\dwrite.dll
0x00007ff8c0ca0000 - 0x00007ff8c0cd3000 	C:\WINDOWS\SYSTEM32\USERENV.dll
0x00007ff8bfff0000 - 0x00007ff8c0022000 	C:\WINDOWS\SYSTEM32\IPHLPAPI.DLL
0x00007ff8c4eb0000 - 0x00007ff8c4eba000 	C:\WINDOWS\System32\NSI.dll
0x00007ff889010000 - 0x00007ff88901e000 	C:\Program Files\Java\jdk-24\bin\sunmscapi.dll
0x00007ff8c10f0000 - 0x00007ff8c1120000 	C:\WINDOWS\SYSTEM32\ncrypt.dll
0x00007ff8c10a0000 - 0x00007ff8c10df000 	C:\WINDOWS\SYSTEM32\NTASN1.dll

JVMTI agents:
C:\Program Files\JetBrains\IntelliJ IDEA Community Edition 2025.2.1\lib\idea_rt.jar path:C:\Program Files\Java\jdk-24\bin\instrument.dll, loaded, initialized, instrumentlib options:53693

dbghelp: loaded successfully - version: 4.0.5 - missing functions: none
symbol engine: initialized successfully - sym options: 0x614 - pdb path: .;C:\Program Files\Java\jdk-24\bin;C:\WINDOWS\SYSTEM32;C:\WINDOWS\WinSxS\amd64_microsoft.windows.common-controls_6595b64144ccf1df_6.0.26100.8115_none_3e075c82e3354f9c;C:\Program Files\Java\jdk-24\bin\server;C:\Users\ynand\.openjfx\cache\21.0.3+2\amd64;C:\WINDOWS\System32\DriverStore\FileRepository\nvaci.inf_amd64_70b69a38bb9a8a3c;C:\WINDOWS\System32\DriverStore\FileRepository\iigd_dch.inf_amd64_e31d62740aef2af9;C:\Program Files\Bonjour;C:\Program Files\Common Files\Microsoft Shared\Ink

VM Arguments:
jvm_args: -javaagent:C:\Program Files\JetBrains\IntelliJ IDEA Community Edition 2025.2.1\lib\idea_rt.jar=53693 -Dfile.encoding=UTF-8 -Dsun.stdout.encoding=UTF-8 -Dsun.stderr.encoding=UTF-8 --module-path=C:\Users\ynand\.m2\repository\com\github\almasb\fxgl-core\17.3\fxgl-core-17.3.jar;C:\Users\ynand\.m2\repository\org\openjfx\javafx-web\21.0.6\javafx-web-21.0.6-win.jar;C:\Users\ynand\.m2\repository\org\kordamp\ikonli\ikonli-core\12.3.1\ikonli-core-12.3.1.jar;C:\Users\ynand\.m2\repository\org\openjfx\javafx-base\21.0.3\javafx-base-21.0.3-win.jar;C:\Users\ynand\.m2\repository\org\jetbrains\kotlin\kotlin-stdlib\1.8.10\kotlin-stdlib-1.8.10.jar;C:\Users\ynand\.m2\repository\org\openjfx\javafx-controls\21.0.6\javafx-controls-21.0.6-win.jar;C:\Users\ynand\.m2\repository\com\gluonhq\attach\util\4.0.17\util-4.0.17.jar;C:\Users\ynand\.m2\repository\com\github\almasb\fxgl-gameplay\17.3\fxgl-gameplay-17.3.jar;C:\Users\ynand\.m2\repository\org\controlsfx\controlsfx\11.2.1\controlsfx-11.2.1.jar;C:\Users\ynand\.m2\repository\com\github\almasb\fxgl-entity\17.3\fxgl-entity-17.3.jar;C:\Users\ynand\.m2\repository\com\gluonhq\attach\audio\4.0.17\audio-4.0.17.jar;C:\Users\ynand\.m2\repository\org\openjfx\javafx-fxml\21.0.6\javafx-fxml-21.0.6-win.jar;C:\Users\ynand\.m2\repository\org\kordamp\bootstrapfx\bootstrapfx-core\0.4.0\bootstrapfx-core-0.4.0.jar;C:\Users\ynand\.m2\repository\com\fasterxml\jackson\core\jackson-annotations\2.14.2\jackson-annotations-2.14.2.jar;C:\Users\ynand\Desktop\AceFitnessGym\AceGym\target\classes;C:\Users\ynand\.m2\repository\com\gluonhq\attach\lifecycle\4.0.17\lifecycle-4.0.17.jar;C:\Users\ynand\.m2\repository\eu\hansolo\tilesfx\21.0.9\tilesfx-21.0.9.jar;C:\Users\ynand\.m2\repository\org\openjfx\javafx-swing\21.0.6\javafx-swing-21.0.6-win.jar;C:\Users\ynand\.m2\repository\com\dlsc\formsfx\formsfx-core\11.6.0\formsfx-core-11.6.0.jar;C:\Users\ynand\.m2\repository\org\openjfx\javafx-graphics\21.0.3\javafx-graphics-21.0.3-win.jar;C:\Users\ynand\.m2\repository\eu\hansolo\toolbox\21.0.9\toolbox-21.0.9.jar;C:\Users\ynand\.m2\repository\com\fasterxml\jackson\core\jackson-databind\2.14.2\jackson-databind-2.14.2.jar;C:\Users\ynand\.m2\repository\eu\hansol-Djdk.module.main=codes.acegym 
java_command: codes.acegym/codes.acegym.Application_Launcher.Launcher
java_class_path (initial): C:\Users\ynand\.m2\repository\org\openjfx\javafx-base\21.0.3\javafx-base-21.0.3.jar;C:\Users\ynand\.m2\repository\org\openjfx\javafx-graphics\21.0.3\javafx-graphics-21.0.3.jar;C:\Users\ynand\.m2\repository\com\mysql\mysql-connector-j\9.6.0\mysql-connector-j-9.6.0.jar;C:\Users\ynand\.m2\repository\com\google\protobuf\protobuf-java\4.31.1\protobuf-java-4.31.1.jar;C:\Users\ynand\.m2\repository\org\openjfx\javafx-controls\21.0.6\javafx-controls-21.0.6.jar;C:\Users\ynand\.m2\repository\org\openjfx\javafx-fxml\21.0.6\javafx-fxml-21.0.6.jar;C:\Users\ynand\.m2\repository\org\openjfx\javafx-web\21.0.6\javafx-web-21.0.6.jar;C:\Users\ynand\.m2\repository\org\openjfx\javafx-swing\21.0.6\javafx-swing-21.0.6.jar;C:\Users\ynand\.m2\repository\org\openjfx\javafx-media\21.0.6\javafx-media-21.0.6.jar;C:\Users\ynand\.m2\repository\org\jetbrains\kotlin\kotlin-stdlib-common\1.8.10\kotlin-stdlib-common-1.8.10.jar;C:\Users\ynand\.m2\repository\org\jetbrains\annotations\13.0\annotations-13.0.jar
Launcher Type: SUN_STANDARD

[Global flags]
     intx CICompilerCount                          = 4                                         {product} {ergonomic}
     uint ConcGCThreads                            = 3                                         {product} {ergonomic}
     uint G1ConcRefinementThreads                  = 10                                        {product} {ergonomic}
   size_t G1HeapRegionSize                         = 2097152                                   {product} {ergonomic}
   size_t InitialHeapSize                          = 266338304                                 {product} {ergonomic}
   size_t MarkStackSize                            = 4194304                                   {product} {ergonomic}
   size_t MarkStackSizeMax                         = 536870912                                 {product} {ergonomic}
   size_t MaxHeapSize                              = 4234149888                                {product} {ergonomic}
   size_t MaxNewSize                               = 2539651072                                {product} {ergonomic}
   size_t MinHeapDeltaBytes                        = 2097152                                   {product} {ergonomic}
   size_t MinHeapSize                              = 8388608                                   {product} {ergonomic}
    uintx NonNMethodCodeHeapSize                   = 5832704                                {pd product} {ergonomic}
    uintx NonProfiledCodeHeapSize                  = 122945536                              {pd product} {ergonomic}
    uintx ProfiledCodeHeapSize                     = 122880000                              {pd product} {ergonomic}
    uintx ReservedCodeCacheSize                    = 251658240                              {pd product} {ergonomic}
     bool SegmentedCodeCache                       = true                                      {product} {ergonomic}
   size_t SoftMaxHeapSize                          = 4234149888                             {manageable} {ergonomic}
     bool UseCompressedOops                        = true                           {product lp64_product} {ergonomic}
     bool UseG1GC                                  = true                                      {product} {ergonomic}
     bool UseLargePagesIndividualAllocation        = false                                  {pd product} {ergonomic}

Logging:
Log output configuration:
 #0: stdout all=off uptime,level,tags foldmultilines=false
 #1: stderr all=off uptime,level,tags foldmultilines=false

Environment Variables:
PATH=C:\Program Files\Common Files\Oracle\Java\javapath;C:\Program Files (x86)\Common Files\Oracle\Java\javapath;C:\Windows\system32;C:\Windows;C:\Windows\System32\Wbem;C:\Windows\System32\WindowsPowerShell\v1.0\;C:\Windows\System32\OpenSSH\;C:\WINDOWS\system32;C:\WINDOWS;C:\WINDOWS\System32\Wbem;C:\WINDOWS\System32\WindowsPowerShell\v1.0\;C:\WINDOWS\System32\OpenSSH\;C:\Program Files\Git\cmd;C:\Program Files\Java\jdk-24\bin;C:\Program Files\NVIDIA Corporation\NVIDIA App\NvDLISR;C:\Program Files (x86)\NVIDIA Corporation\PhysX\Common;C:\Program Files\MySQL\MySQL Server 8.0\bin;;C:\Program Files\Docker\Docker\resources\bin;C:\Program Files\nodejs\;C:\php-8.4.17;C:\ProgramData\ComposerSetup\bin;C:\Program Files\MySQL\MySQL Shell 8.0\bin\;C:\Users\ynand\AppData\Local\Microsoft\WindowsApps;C:\MinGW\bin;C:\Users\ynand\AppData\Local\Programs\Microsoft VS Code\bin;C:\msys64\ucrt64\bin;C:\Users\ynand\AppData\Roaming\npm;C:\Users\ynand\AppData\Local\GitHubDesktop\bin;C:\php-8.4.17;C:\Users\ynand\AppData\Roaming\Composer\vendor\bin;C:\Users\ynand\Desktop\JAVAFX\openjfx-25.0.2_windows-x64_bin-sdk\javafx-sdk-25.0.2\bin;
USERNAME=ynand
OS=Windows_NT
PROCESSOR_IDENTIFIER=Intel64 Family 6 Model 141 Stepping 1, GenuineIntel
TMP=C:\Users\ynand\AppData\Local\Temp
TEMP=C:\Users\ynand\AppData\Local\Temp




Periodic native trim disabled

---------------  S Y S T E M  ---------------

OS:
 Windows 11 , 64 bit Build 26100 (10.0.26100.8246)
OS uptime: 6 days 20:02 hours
Hyper-V role detected

CPU: total 12 (initial active 12) (6 cores per cpu, 2 threads per core) family 6 model 141 stepping 1 microcode 0x3c, cx8, cmov, fxsr, ht, mmx, 3dnowpref, sse, sse2, sse3, ssse3, sse4.1, sse4.2, popcnt, lzcnt, tsc, tscinvbit, avx, avx2, aes, erms, clmul, bmi1, bmi2, adx, avx512f, avx512dq, avx512cd, avx512bw, avx512vl, sha, fma, vzeroupper, avx512_vpopcntdq, avx512_vpclmulqdq, avx512_vaes, avx512_vnni, clflush, clflushopt, clwb, avx512_vbmi2, avx512_vbmi, hv, rdtscp, rdpid, fsrm, gfni, avx512_bitalg, f16c, cet_ibt, cet_ss, avx512_ifma
Processor Information for the first 12 processors :
  Max Mhz: 2688, Current Mhz: 2688, Mhz Limit: 2688

Memory: 4k page, system-wide physical 16147M (2929M free)
TotalPageFile size 27923M (AvailPageFile size 5120M)
current process WorkingSet (physical memory assigned to process): 470M, peak: 566M
current process commit charge ("private bytes"): 667M, peak: 801M

vm_info: Java HotSpot(TM) 64-Bit Server VM (24.0.2+12-54) for windows-amd64 JRE (24.0.2+12-54), built on 2025-07-08T12:10:27Z with MS VC++ 17.6 (VS2022)

END.
